Using pre-set license
Built from '2020.3/staging' branch; Version is '2020.3.48f1 (b805b124c6b7) revision 12060081'; Using compiler version '192528614'; Build Type 'Release'
OS: 'Windows 11  (10.0.22000) 64bit Professional' Language: 'en' Physical Memory: 6079 MB
BatchMode: 1, IsHumanControllingUs: 0, StartBugReporterOnCrash: 0, Is64bit: 1, IsPro: 0

COMMAND LINE ARGUMENTS:
D:\Program Files\Unity 2020.3.48f1\Editor\Unity.exe
-adb2
-batchMode
-noUpm
-name
AssetImportWorker0
-projectPath
D:/Kuliah/Semester 6/Praktikum Animasi & Game/Tugas/BAB 6/Tugas_BAB6
-logFile
Logs/AssetImportWorker0.log
-srvPort
55266
Successfully changed project path to: D:/Kuliah/Semester 6/Praktikum Animasi & Game/Tugas/BAB 6/Tugas_BAB6
D:/Kuliah/Semester 6/Praktikum Animasi & Game/Tugas/BAB 6/Tugas_BAB6
Using Asset Import Pipeline V2.
Player connection [12156] Host "[IP] 172.19.112.1 [Port] 73 [Flags] 2 [Guid] 2376755376 [EditorId] 2376755376 [Version] 1048832 [Id] WindowsEditor(7,DESKTOP-Q00CV8S) [Debug] 1 [PackageName] WindowsEditor [ProjectName] Editor" joined multi-casting on [225.0.0.222:54997]...

Player connection [12156] Host "[IP] 172.19.112.1 [Port] 73 [Flags] 2 [Guid] 2376755376 [EditorId] 2376755376 [Version] 1048832 [Id] WindowsEditor(7,DESKTOP-Q00CV8S) [Debug] 1 [PackageName] WindowsEditor [ProjectName] Editor" joined alternative multi-casting on [225.0.0.222:34997]...

Refreshing native plugins compatible for Editor in 131.82 ms, found 3 plugins.
Preloading 0 native plugins for Editor in 0.00 ms.
Initialize engine version: 2020.3.48f1 (b805b124c6b7)
[Subsystems] Discovering subsystems at path D:/Program Files/Unity 2020.3.48f1/Editor/Data/Resources/UnitySubsystems
[Subsystems] Discovering subsystems at path D:/Kuliah/Semester 6/Praktikum Animasi & Game/Tugas/BAB 6/Tugas_BAB6/Assets
GfxDevice: creating device client; threaded=0
Direct3D:
    Version:  Direct3D 11.0 [level 11.1]
    Renderer: AMD Radeon(TM) Graphics (ID=0x15d8)
    Vendor:   
    VRAM:     3039 MB
    Driver:   27.20.11030.11001
Initialize mono
Mono path[0] = 'D:/Program Files/Unity 2020.3.48f1/Editor/Data/Managed'
Mono path[1] = 'D:/Program Files/Unity 2020.3.48f1/Editor/Data/MonoBleedingEdge/lib/mono/unityjit'
Mono config path = 'D:/Program Files/Unity 2020.3.48f1/Editor/Data/MonoBleedingEdge/etc'
Using monoOptions --debugger-agent=transport=dt_socket,embedding=1,server=y,suspend=n,address=127.0.0.1:56444
Begin MonoManager ReloadAssembly
Registering precompiled unity dll's ...
Register platform support module: D:/Program Files/Unity 2020.3.48f1/Editor/Data/PlaybackEngines/WindowsStandaloneSupport/UnityEditor.WindowsStandalone.Extensions.dll
Registered in 0.004018 seconds.
Native extension for WindowsStandalone target not found
Refreshing native plugins compatible for Editor in 114.37 ms, found 3 plugins.
Preloading 0 native plugins for Editor in 0.00 ms.
Mono: successfully reloaded assembly
- Completed reload, in  1.229 seconds
Domain Reload Profiling:
	ReloadAssembly (1230ms)
		BeginReloadAssembly (208ms)
			ExecutionOrderSort (0ms)
			DisableScriptedObjects (0ms)
			BackupInstance (0ms)
			ReleaseScriptingObjects (0ms)
			CreateAndSetChildDomain (2ms)
		EndReloadAssembly (900ms)
			LoadAssemblies (206ms)
			RebuildTransferFunctionScriptingTraits (0ms)
			SetupTypeCache (298ms)
			ReleaseScriptCaches (0ms)
			RebuildScriptCaches (59ms)
			SetupLoadedEditorAssemblies (352ms)
				LogAssemblyErrors (0ms)
				InitializePlatformSupportModulesInManaged (7ms)
				SetLoadedEditorAssemblies (0ms)
				RefreshPlugins (115ms)
				BeforeProcessingInitializeOnLoad (18ms)
				ProcessInitializeOnLoadAttributes (161ms)
				ProcessInitializeOnLoadMethodAttributes (51ms)
				AfterProcessingInitializeOnLoad (0ms)
				EditorAssembliesLoaded (0ms)
			ExecutionOrderSort2 (0ms)
			AwakeInstancesAfterBackupRestoration (0ms)
Platform modules already initialized, skipping
Registering precompiled user dll's ...
Registered in 0.013918 seconds.
Begin MonoManager ReloadAssembly
Native extension for WindowsStandalone target not found
Refreshing native plugins compatible for Editor in 76.44 ms, found 3 plugins.
Preloading 0 native plugins for Editor in 0.00 ms.
Mono: successfully reloaded assembly
- Completed reload, in  1.948 seconds
Domain Reload Profiling:
	ReloadAssembly (1950ms)
		BeginReloadAssembly (292ms)
			ExecutionOrderSort (0ms)
			DisableScriptedObjects (8ms)
			BackupInstance (0ms)
			ReleaseScriptingObjects (0ms)
			CreateAndSetChildDomain (30ms)
		EndReloadAssembly (1563ms)
			LoadAssemblies (306ms)
			RebuildTransferFunctionScriptingTraits (0ms)
			SetupTypeCache (497ms)
			ReleaseScriptCaches (1ms)
			RebuildScriptCaches (91ms)
			SetupLoadedEditorAssemblies (538ms)
				LogAssemblyErrors (0ms)
				InitializePlatformSupportModulesInManaged (4ms)
				SetLoadedEditorAssemblies (0ms)
				RefreshPlugins (77ms)
				BeforeProcessingInitializeOnLoad (86ms)
				ProcessInitializeOnLoadAttributes (341ms)
				ProcessInitializeOnLoadMethodAttributes (25ms)
				AfterProcessingInitializeOnLoad (5ms)
				EditorAssembliesLoaded (0ms)
			ExecutionOrderSort2 (0ms)
			AwakeInstancesAfterBackupRestoration (3ms)
Platform modules already initialized, skipping
========================================================================
Worker process is ready to serve import requests
Launched and connected shader compiler UnityShaderCompiler.exe after 0.12 seconds
Refreshing native plugins compatible for Editor in 0.51 ms, found 3 plugins.
Preloading 0 native plugins for Editor in 0.00 ms.
Unloading 2014 Unused Serialized files (Serialized files now loaded: 0)
System memory in use before: 92.0 MB.
System memory in use after: 92.0 MB.

Unloading 29 unused Assets to reduce memory usage. Loaded Objects now: 2448.
Total: 6.688600 ms (FindLiveObjects: 0.273100 ms CreateObjectMapping: 0.092600 ms MarkObjects: 6.107000 ms  DeleteObjects: 0.214100 ms)

AssetImportParameters requested are different than current active one (requested -> active):
  custom:framework-win-MediaFoundation: 216162199b28c13a410421893ffa2e32 -> 
  custom:video-decoder-ogg-theora: a1e56fd34408186e4bbccfd4996cb3dc -> 
  custom:container-muxer-webm: aa71ff27fc2769a1b78a27578f13a17b -> 
  custom:container-demuxer-webm: 4f35f7cbe854078d1ac9338744f61a02 -> 
  custom:container-demuxer-ogg: 62fdf1f143b41e24485cea50d1cbac27 -> 
  custom:video-encoder-webm-vp8: eb34c28f22e8b96e1ab97ce403110664 -> 
  custom:video-decoder-webm-vp8: 9c59270c3fd7afecdb556c50c9e8de78 -> 
  custom:audio-decoder-ogg-vorbis: bf7c407c2cedff20999df2af8eb42d56 -> 
  custom:audio-encoder-webm-vorbis: bf7c407c2cedff20999df2af8eb42d56 -> 
========================================================================
Received Import Request.
  path: Assets
  artifactKey: Guid(00000000000000001000000000000000) Importer(815301076,1909f56bfc062723c751e8b465ee728b)
Start importing Assets using Guid(00000000000000001000000000000000) Importer(815301076,1909f56bfc062723c751e8b465ee728b)  -> (artifact id: '42d402b061de3733987d63b9cc3b64de') in 0.045710 seconds 
========================================================================
Received Import Request.
  Time since last request: 16.575927 seconds.
  path: Assets/New Animator Controller.controller
  artifactKey: Guid(03a5840c4f275ee40ba288aa118046ce) Importer(815301076,1909f56bfc062723c751e8b465ee728b)
Start importing Assets/New Animator Controller.controller using Guid(03a5840c4f275ee40ba288aa118046ce) Importer(815301076,1909f56bfc062723c751e8b465ee728b)  -> (artifact id: 'b0640bec5e9ffd480c231aac25d0682b') in 0.252460 seconds 
========================================================================
Received Import Request.
  Time since last request: 148.067341 seconds.
  path: Assets/01.png
  artifactKey: Guid(d1592f3d1e2ac0b4ca49bb902b187ce1) Importer(815301076,1909f56bfc062723c751e8b465ee728b)
Start importing Assets/01.png using Guid(d1592f3d1e2ac0b4ca49bb902b187ce1) Importer(815301076,1909f56bfc062723c751e8b465ee728b)  -> (artifact id: '8b537adafb083ff5bbf97a24af225b81') in 0.317893 seconds 
========================================================================
Received Import Request.
  Time since last request: 115.303044 seconds.
  path: Assets/Tiny Swords (Update 010)/Effects/Explosion/Explosions.png
  artifactKey: Guid(386964dd4b92c5d47a812baa4038ebdd) Importer(815301076,1909f56bfc062723c751e8b465ee728b)
Start importing Assets/Tiny Swords (Update 010)/Effects/Explosion/Explosions.png using Guid(386964dd4b92c5d47a812baa4038ebdd) Importer(815301076,1909f56bfc062723c751e8b465ee728b)  -> (artifact id: 'aa9331f989ecd984d8a17da12cb86f0f') in 0.029823 seconds 
========================================================================
Received Import Request.
  Time since last request: 0.901988 seconds.
  path: Assets/Tiny Swords (Update 010)/Effects/Fire/Fire.png
  artifactKey: Guid(06aa77ed7d3c1ff4a8d5b1e21d124376) Importer(815301076,1909f56bfc062723c751e8b465ee728b)
Start importing Assets/Tiny Swords (Update 010)/Effects/Fire/Fire.png using Guid(06aa77ed7d3c1ff4a8d5b1e21d124376) Importer(815301076,1909f56bfc062723c751e8b465ee728b)  -> (artifact id: 'cf89263e22dd754d7a7060ae3c347e45') in 0.044687 seconds 
========================================================================
Received Import Request.
  Time since last request: 1.557091 seconds.
  path: Assets/Tiny Swords (Update 010)/Effects/Fire/Fire.aseprite
  artifactKey: Guid(f6fcf8fd0988aa649887da5b73568347) Importer(815301076,1909f56bfc062723c751e8b465ee728b)
Start importing Assets/Tiny Swords (Update 010)/Effects/Fire/Fire.aseprite using Guid(f6fcf8fd0988aa649887da5b73568347) Importer(815301076,1909f56bfc062723c751e8b465ee728b)  -> (artifact id: '74e44cebb24452b275633522ffdf0227') in 0.018046 seconds 
========================================================================
Received Import Request.
  Time since last request: 13.776726 seconds.
  path: Assets/Tiny Swords (Update 010)/Factions/Goblins/Buildings/Wood_House/Goblin_House.png
  artifactKey: Guid(1e912ef5a4fc24b4d9660152b33688f1) Importer(815301076,1909f56bfc062723c751e8b465ee728b)
Start importing Assets/Tiny Swords (Update 010)/Factions/Goblins/Buildings/Wood_House/Goblin_House.png using Guid(1e912ef5a4fc24b4d9660152b33688f1) Importer(815301076,1909f56bfc062723c751e8b465ee728b)  -> (artifact id: '8ad8f4fa2f86e6e8d633ba569daad636') in 0.050257 seconds 
========================================================================
Received Import Request.
  Time since last request: 0.000637 seconds.
  path: Assets/Tiny Swords (Update 010)/Factions/Goblins/Buildings/Wood_House/Goblin_House_Destroyed.png
  artifactKey: Guid(fb3471386c5ec6946ba042d579238f77) Importer(815301076,1909f56bfc062723c751e8b465ee728b)
Start importing Assets/Tiny Swords (Update 010)/Factions/Goblins/Buildings/Wood_House/Goblin_House_Destroyed.png using Guid(fb3471386c5ec6946ba042d579238f77) Importer(815301076,1909f56bfc062723c751e8b465ee728b)  -> (artifact id: '4784cc6a0d5d22faba29a5ddc94d2c55') in 0.075263 seconds 
========================================================================
Received Import Request.
  Time since last request: 0.768834 seconds.
  path: Assets/Tiny Swords (Update 010)/Factions/Goblins/Buildings/Wood_Tower/Wood_Tower_Blue.png
  artifactKey: Guid(f4cd60a78a9395548b47b3aa34d718f1) Importer(815301076,1909f56bfc062723c751e8b465ee728b)
Start importing Assets/Tiny Swords (Update 010)/Factions/Goblins/Buildings/Wood_Tower/Wood_Tower_Blue.png using Guid(f4cd60a78a9395548b47b3aa34d718f1) Importer(815301076,1909f56bfc062723c751e8b465ee728b)  -> (artifact id: '6e393d800278d38ab293663213d7432d') in 0.039895 seconds 
========================================================================
Received Import Request.
  Time since last request: 0.000587 seconds.
  path: Assets/Tiny Swords (Update 010)/Factions/Goblins/Buildings/Wood_Tower/Wood_Tower_InConstruction.png
  artifactKey: Guid(e473238f75a429d449d692f951c273c8) Importer(815301076,1909f56bfc062723c751e8b465ee728b)
Start importing Assets/Tiny Swords (Update 010)/Factions/Goblins/Buildings/Wood_Tower/Wood_Tower_InConstruction.png using Guid(e473238f75a429d449d692f951c273c8) Importer(815301076,1909f56bfc062723c751e8b465ee728b)  -> (artifact id: '06c2baa31b49fed3580968b681cfcbe3') in 0.076505 seconds 
========================================================================
Received Import Request.
  Time since last request: 0.000694 seconds.
  path: Assets/Tiny Swords (Update 010)/Factions/Goblins/Buildings/Wood_Tower/Wood_Tower_Yellow.png
  artifactKey: Guid(74c5950a684458a4b953354dc9aaa89c) Importer(815301076,1909f56bfc062723c751e8b465ee728b)
Start importing Assets/Tiny Swords (Update 010)/Factions/Goblins/Buildings/Wood_Tower/Wood_Tower_Yellow.png using Guid(74c5950a684458a4b953354dc9aaa89c) Importer(815301076,1909f56bfc062723c751e8b465ee728b)  -> (artifact id: 'a91ca37e7f888ea0541805d2a1442d3a') in 0.077697 seconds 
========================================================================
Received Import Request.
  Time since last request: 0.000443 seconds.
  path: Assets/Tiny Swords (Update 010)/Factions/Goblins/Buildings/Wood_Tower/Wood_Tower_Purple.png
  artifactKey: Guid(f2f681f83e9d19a42987058891ac3f4a) Importer(815301076,1909f56bfc062723c751e8b465ee728b)
Start importing Assets/Tiny Swords (Update 010)/Factions/Goblins/Buildings/Wood_Tower/Wood_Tower_Purple.png using Guid(f2f681f83e9d19a42987058891ac3f4a) Importer(815301076,1909f56bfc062723c751e8b465ee728b)  -> (artifact id: '74dc33a80bc4e7243f9b69d8563cc377') in 0.044884 seconds 
========================================================================
Received Import Request.
  Time since last request: 0.000455 seconds.
  path: Assets/Tiny Swords (Update 010)/Factions/Goblins/Buildings/Wood_Tower/Wood_Tower_Destroyed.png
  artifactKey: Guid(4628304065637eb449c00148cdd5c208) Importer(815301076,1909f56bfc062723c751e8b465ee728b)
Start importing Assets/Tiny Swords (Update 010)/Factions/Goblins/Buildings/Wood_Tower/Wood_Tower_Destroyed.png using Guid(4628304065637eb449c00148cdd5c208) Importer(815301076,1909f56bfc062723c751e8b465ee728b)  -> (artifact id: '80843f07d693cd9a818f75415cde5a6d') in 0.034156 seconds 
========================================================================
Received Import Request.
  Time since last request: 0.000393 seconds.
  path: Assets/Tiny Swords (Update 010)/Factions/Goblins/Buildings/Wood_Tower/Wood_Tower_Red.png
  artifactKey: Guid(6f31283426f66b8479ae481f8315e68d) Importer(815301076,1909f56bfc062723c751e8b465ee728b)
Start importing Assets/Tiny Swords (Update 010)/Factions/Goblins/Buildings/Wood_Tower/Wood_Tower_Red.png using Guid(6f31283426f66b8479ae481f8315e68d) Importer(815301076,1909f56bfc062723c751e8b465ee728b)  -> (artifact id: 'c90a0eee431b5d481f4bae83fb6733ae') in 0.054547 seconds 
========================================================================
Received Import Request.
  Time since last request: 14.977163 seconds.
  path: Assets/Tiny Swords (Update 010)/Deco/01.png
  artifactKey: Guid(02a49b2c8c322c148a46b0f0de158c68) Importer(815301076,1909f56bfc062723c751e8b465ee728b)
Start importing Assets/Tiny Swords (Update 010)/Deco/01.png using Guid(02a49b2c8c322c148a46b0f0de158c68) Importer(815301076,1909f56bfc062723c751e8b465ee728b)  -> (artifact id: 'b64b42e7033b4959d10418589add0a9d') in 0.040149 seconds 
========================================================================
Received Import Request.
  Time since last request: 0.000464 seconds.
  path: Assets/Tiny Swords (Update 010)/Deco/03.png
  artifactKey: Guid(f6d072c5a8dd94f42bf5684fd7246333) Importer(815301076,1909f56bfc062723c751e8b465ee728b)
Start importing Assets/Tiny Swords (Update 010)/Deco/03.png using Guid(f6d072c5a8dd94f42bf5684fd7246333) Importer(815301076,1909f56bfc062723c751e8b465ee728b)  -> (artifact id: '43af57a86bd97ab19a6a159954a4a6f3') in 0.044391 seconds 
========================================================================
Received Import Request.
  Time since last request: 0.000504 seconds.
  path: Assets/Tiny Swords (Update 010)/Deco/07.png
  artifactKey: Guid(bbaa5224d9e32604785230ae988e0ae8) Importer(815301076,1909f56bfc062723c751e8b465ee728b)
Start importing Assets/Tiny Swords (Update 010)/Deco/07.png using Guid(bbaa5224d9e32604785230ae988e0ae8) Importer(815301076,1909f56bfc062723c751e8b465ee728b)  -> (artifact id: '8cafff12bc1941f7fa371373df96be22') in 0.036481 seconds 
========================================================================
Received Import Request.
  Time since last request: 0.000365 seconds.
  path: Assets/Tiny Swords (Update 010)/Deco/13.png
  artifactKey: Guid(7d442c869bb60444d90bee0ab8105043) Importer(815301076,1909f56bfc062723c751e8b465ee728b)
Start importing Assets/Tiny Swords (Update 010)/Deco/13.png using Guid(7d442c869bb60444d90bee0ab8105043) Importer(815301076,1909f56bfc062723c751e8b465ee728b)  -> (artifact id: '83f3b20fd74b41ba01620b2862c57aa4') in 0.024118 seconds 
========================================================================
Received Import Request.
  Time since last request: 0.000321 seconds.
  path: Assets/Tiny Swords (Update 010)/Deco/04.png
  artifactKey: Guid(63ce38d21c12fb049bd4139220cff70f) Importer(815301076,1909f56bfc062723c751e8b465ee728b)
Start importing Assets/Tiny Swords (Update 010)/Deco/04.png using Guid(63ce38d21c12fb049bd4139220cff70f) Importer(815301076,1909f56bfc062723c751e8b465ee728b)  -> (artifact id: '01a099e1609092e8beba846f52c8f657') in 0.024740 seconds 
========================================================================
Received Import Request.
  Time since last request: 0.000465 seconds.
  path: Assets/Tiny Swords (Update 010)/Deco/09.png
  artifactKey: Guid(386ef67e47e2f7d4d9cbd6035a6ecedd) Importer(815301076,1909f56bfc062723c751e8b465ee728b)
Start importing Assets/Tiny Swords (Update 010)/Deco/09.png using Guid(386ef67e47e2f7d4d9cbd6035a6ecedd) Importer(815301076,1909f56bfc062723c751e8b465ee728b)  -> (artifact id: '0db55a0326d65bfe2d66df7b3532865c') in 0.023839 seconds 
========================================================================
Received Import Request.
  Time since last request: 0.000426 seconds.
  path: Assets/Tiny Swords (Update 010)/Deco/02.png
  artifactKey: Guid(1e930b0f244479640aa8f7952bbb0540) Importer(815301076,1909f56bfc062723c751e8b465ee728b)
Start importing Assets/Tiny Swords (Update 010)/Deco/02.png using Guid(1e930b0f244479640aa8f7952bbb0540) Importer(815301076,1909f56bfc062723c751e8b465ee728b)  -> (artifact id: '9932deb03b0080c2fc6c4c82f0dd9a37') in 0.275826 seconds 
========================================================================
Received Import Request.
  Time since last request: 0.000460 seconds.
  path: Assets/Tiny Swords (Update 010)/Deco/18.png
  artifactKey: Guid(4fee6f665c8cdbc479e0e0601c27787b) Importer(815301076,1909f56bfc062723c751e8b465ee728b)
Start importing Assets/Tiny Swords (Update 010)/Deco/18.png using Guid(4fee6f665c8cdbc479e0e0601c27787b) Importer(815301076,1909f56bfc062723c751e8b465ee728b)  -> (artifact id: '17d6ad0b8b810016349c2abd71d8d776') in 0.057115 seconds 
========================================================================
Received Import Request.
  Time since last request: 0.000752 seconds.
  path: Assets/Tiny Swords (Update 010)/Deco/15.png
  artifactKey: Guid(27f3c75d28b7fc84993052c0610f85d2) Importer(815301076,1909f56bfc062723c751e8b465ee728b)
Start importing Assets/Tiny Swords (Update 010)/Deco/15.png using Guid(27f3c75d28b7fc84993052c0610f85d2) Importer(815301076,1909f56bfc062723c751e8b465ee728b)  -> (artifact id: '0adc5d4bf8be7ee67e33e8b2635883fc') in 0.055367 seconds 
========================================================================
Received Import Request.
  Time since last request: 0.000608 seconds.
  path: Assets/Tiny Swords (Update 010)/Deco/08.png
  artifactKey: Guid(12a3d6e1f6e99fb46ac010b8acec3e04) Importer(815301076,1909f56bfc062723c751e8b465ee728b)
Start importing Assets/Tiny Swords (Update 010)/Deco/08.png using Guid(12a3d6e1f6e99fb46ac010b8acec3e04) Importer(815301076,1909f56bfc062723c751e8b465ee728b)  -> (artifact id: '74627a5b8344175cea5e927a349fcb03') in 0.078932 seconds 
========================================================================
Received Import Request.
  Time since last request: 0.000894 seconds.
  path: Assets/Tiny Swords (Update 010)/Deco/12.png
  artifactKey: Guid(e4262b7e78a3b9245b9b3802d95bfa0b) Importer(815301076,1909f56bfc062723c751e8b465ee728b)
Start importing Assets/Tiny Swords (Update 010)/Deco/12.png using Guid(e4262b7e78a3b9245b9b3802d95bfa0b) Importer(815301076,1909f56bfc062723c751e8b465ee728b)  -> (artifact id: 'fc280c2f3ea0431d600d265b4d5aeb72') in 0.088146 seconds 
========================================================================
Received Import Request.
  Time since last request: 0.000931 seconds.
  path: Assets/Tiny Swords (Update 010)/Deco/14.png
  artifactKey: Guid(e156224b42210b0439345471b331d264) Importer(815301076,1909f56bfc062723c751e8b465ee728b)
Start importing Assets/Tiny Swords (Update 010)/Deco/14.png using Guid(e156224b42210b0439345471b331d264) Importer(815301076,1909f56bfc062723c751e8b465ee728b)  -> (artifact id: '15cf2f3df2503f6e01fb79ca56fe60cc') in 0.063380 seconds 
========================================================================
Received Import Request.
  Time since last request: 0.002458 seconds.
  path: Assets/Tiny Swords (Update 010)/Deco/11.png
  artifactKey: Guid(0bd259dec06c6f940883e689281d00a6) Importer(815301076,1909f56bfc062723c751e8b465ee728b)
Start importing Assets/Tiny Swords (Update 010)/Deco/11.png using Guid(0bd259dec06c6f940883e689281d00a6) Importer(815301076,1909f56bfc062723c751e8b465ee728b)  -> (artifact id: '4606cc5f8aec2ab8f2f4e759c7c61af3') in 0.095404 seconds 
========================================================================
Received Import Request.
  Time since last request: 0.001347 seconds.
  path: Assets/Tiny Swords (Update 010)/Deco/06.png
  artifactKey: Guid(c4c9693263c4e4b4ca8f0a0dfeba7f0d) Importer(815301076,1909f56bfc062723c751e8b465ee728b)
Start importing Assets/Tiny Swords (Update 010)/Deco/06.png using Guid(c4c9693263c4e4b4ca8f0a0dfeba7f0d) Importer(815301076,1909f56bfc062723c751e8b465ee728b)  -> (artifact id: '83572995d98abdc2163f6bb694f39061') in 0.078459 seconds 
========================================================================
Received Import Request.
  Time since last request: 0.000899 seconds.
  path: Assets/Tiny Swords (Update 010)/Deco/05.png
  artifactKey: Guid(b08e80d096aacd24f846599e12ae6b38) Importer(815301076,1909f56bfc062723c751e8b465ee728b)
Start importing Assets/Tiny Swords (Update 010)/Deco/05.png using Guid(b08e80d096aacd24f846599e12ae6b38) Importer(815301076,1909f56bfc062723c751e8b465ee728b)  -> (artifact id: '9e43811c8cd2527a96a1780722582929') in 0.066934 seconds 
========================================================================
Received Import Request.
  Time since last request: 0.001173 seconds.
  path: Assets/Tiny Swords (Update 010)/Deco/16.png
  artifactKey: Guid(517e3547ba97d1c49bbe2263a8fb1d92) Importer(815301076,1909f56bfc062723c751e8b465ee728b)
Start importing Assets/Tiny Swords (Update 010)/Deco/16.png using Guid(517e3547ba97d1c49bbe2263a8fb1d92) Importer(815301076,1909f56bfc062723c751e8b465ee728b)  -> (artifact id: '80723a44cfd281abbbac23568e268405') in 0.105359 seconds 
========================================================================
Received Import Request.
  Time since last request: 0.000353 seconds.
  path: Assets/Tiny Swords (Update 010)/Deco/17.png
  artifactKey: Guid(6d7db88eb866b9746a97e2661f49b3db) Importer(815301076,1909f56bfc062723c751e8b465ee728b)
Start importing Assets/Tiny Swords (Update 010)/Deco/17.png using Guid(6d7db88eb866b9746a97e2661f49b3db) Importer(815301076,1909f56bfc062723c751e8b465ee728b)  -> (artifact id: '0f494416f4e3d49bb0256eff6ffe9566') in 0.114817 seconds 
========================================================================
Received Import Request.
  Time since last request: 0.000556 seconds.
  path: Assets/Tiny Swords (Update 010)/Deco/10.png
  artifactKey: Guid(11490137f4645094e84aaaf67655a164) Importer(815301076,1909f56bfc062723c751e8b465ee728b)
Start importing Assets/Tiny Swords (Update 010)/Deco/10.png using Guid(11490137f4645094e84aaaf67655a164) Importer(815301076,1909f56bfc062723c751e8b465ee728b)  -> (artifact id: 'a8d21f58849507be68fc2f2d3b685bf1') in 0.049259 seconds 
========================================================================
Received Import Request.
  Time since last request: 14.575857 seconds.
  path: Assets/Tiny Swords (Update 010)/Factions/Knights/Buildings/Castle/Castle_Blue.png
  artifactKey: Guid(64df561ccd5b1f344997bce384858819) Importer(815301076,1909f56bfc062723c751e8b465ee728b)
Start importing Assets/Tiny Swords (Update 010)/Factions/Knights/Buildings/Castle/Castle_Blue.png using Guid(64df561ccd5b1f344997bce384858819) Importer(815301076,1909f56bfc062723c751e8b465ee728b)  -> (artifact id: 'd1d20ef33309cd2cebefcf14ac392b4d') in 0.029635 seconds 
========================================================================
Received Import Request.
  Time since last request: 0.000369 seconds.
  path: Assets/Tiny Swords (Update 010)/Factions/Knights/Buildings/Castle/Castle_Yellow.png
  artifactKey: Guid(6a6ea5448a0b39f43abd0d7ddd15248e) Importer(815301076,1909f56bfc062723c751e8b465ee728b)
Start importing Assets/Tiny Swords (Update 010)/Factions/Knights/Buildings/Castle/Castle_Yellow.png using Guid(6a6ea5448a0b39f43abd0d7ddd15248e) Importer(815301076,1909f56bfc062723c751e8b465ee728b)  -> (artifact id: '6b8c1e25594c2a942c75bb2b19ae4bc8') in 0.047473 seconds 
========================================================================
Received Import Request.
  Time since last request: 0.000499 seconds.
  path: Assets/Tiny Swords (Update 010)/Factions/Knights/Buildings/Castle/Castle_Destroyed.png
  artifactKey: Guid(6f85c2377ca33154793f0becefc38b5d) Importer(815301076,1909f56bfc062723c751e8b465ee728b)
Start importing Assets/Tiny Swords (Update 010)/Factions/Knights/Buildings/Castle/Castle_Destroyed.png using Guid(6f85c2377ca33154793f0becefc38b5d) Importer(815301076,1909f56bfc062723c751e8b465ee728b)  -> (artifact id: '906c494e3b0b406f701edcd766a31780') in 0.048650 seconds 
========================================================================
Received Import Request.
  Time since last request: 0.000959 seconds.
  path: Assets/Tiny Swords (Update 010)/Factions/Knights/Buildings/Castle/Castle_Purple.png
  artifactKey: Guid(e67c98630d250cc4ea5d80bdb2106276) Importer(815301076,1909f56bfc062723c751e8b465ee728b)
Start importing Assets/Tiny Swords (Update 010)/Factions/Knights/Buildings/Castle/Castle_Purple.png using Guid(e67c98630d250cc4ea5d80bdb2106276) Importer(815301076,1909f56bfc062723c751e8b465ee728b)  -> (artifact id: '452f4a667ed4dc4403e00b6aa3e51119') in 0.066085 seconds 
========================================================================
Received Import Request.
  Time since last request: 0.000536 seconds.
  path: Assets/Tiny Swords (Update 010)/Factions/Knights/Buildings/Castle/Castle_Construction.png
  artifactKey: Guid(b290efbf273446448a04a3caf6187dff) Importer(815301076,1909f56bfc062723c751e8b465ee728b)
Start importing Assets/Tiny Swords (Update 010)/Factions/Knights/Buildings/Castle/Castle_Construction.png using Guid(b290efbf273446448a04a3caf6187dff) Importer(815301076,1909f56bfc062723c751e8b465ee728b)  -> (artifact id: 'a7c2c3ec68cadc533b5e93c9cc90ac72') in 0.045028 seconds 
========================================================================
Received Import Request.
  Time since last request: 0.000446 seconds.
  path: Assets/Tiny Swords (Update 010)/Factions/Knights/Buildings/Castle/Castle_Red.png
  artifactKey: Guid(b8ff6f43d8343bf49a6468adfe6ec051) Importer(815301076,1909f56bfc062723c751e8b465ee728b)
Start importing Assets/Tiny Swords (Update 010)/Factions/Knights/Buildings/Castle/Castle_Red.png using Guid(b8ff6f43d8343bf49a6468adfe6ec051) Importer(815301076,1909f56bfc062723c751e8b465ee728b)  -> (artifact id: '4c4614ccfc89b1525ebb3c550a22634c') in 0.048021 seconds 
========================================================================
Received Import Request.
  Time since last request: 1.161858 seconds.
  path: Assets/Tiny Swords (Update 010)/Factions/Knights/Buildings/House/House_Blue.png
  artifactKey: Guid(eeb3c73f31fb3dd47a9c7df97bae5682) Importer(815301076,1909f56bfc062723c751e8b465ee728b)
Start importing Assets/Tiny Swords (Update 010)/Factions/Knights/Buildings/House/House_Blue.png using Guid(eeb3c73f31fb3dd47a9c7df97bae5682) Importer(815301076,1909f56bfc062723c751e8b465ee728b)  -> (artifact id: '8251215dc24f70a9cb8355c62655267e') in 0.037056 seconds 
========================================================================
Received Import Request.
  Time since last request: 0.000436 seconds.
  path: Assets/Tiny Swords (Update 010)/Factions/Knights/Buildings/House/House_Purple.png
  artifactKey: Guid(bdf038fbb8579894f8fb26c7f3f3a770) Importer(815301076,1909f56bfc062723c751e8b465ee728b)
Start importing Assets/Tiny Swords (Update 010)/Factions/Knights/Buildings/House/House_Purple.png using Guid(bdf038fbb8579894f8fb26c7f3f3a770) Importer(815301076,1909f56bfc062723c751e8b465ee728b)  -> (artifact id: '70b8d53866bd60e911e173b0497b5721') in 0.038969 seconds 
========================================================================
Received Import Request.
  Time since last request: 0.000583 seconds.
  path: Assets/Tiny Swords (Update 010)/Factions/Knights/Buildings/House/House_Destroyed.png
  artifactKey: Guid(686a3047620800c4095b1d960bee32f0) Importer(815301076,1909f56bfc062723c751e8b465ee728b)
Start importing Assets/Tiny Swords (Update 010)/Factions/Knights/Buildings/House/House_Destroyed.png using Guid(686a3047620800c4095b1d960bee32f0) Importer(815301076,1909f56bfc062723c751e8b465ee728b)  -> (artifact id: '03a3f5b310f9edde6452900c624a4995') in 0.120561 seconds 
========================================================================
Received Import Request.
  Time since last request: 0.000535 seconds.
  path: Assets/Tiny Swords (Update 010)/Factions/Knights/Buildings/House/House_Red.png
  artifactKey: Guid(b4933dfd0786d95498fc77fa8a2b253c) Importer(815301076,1909f56bfc062723c751e8b465ee728b)
Start importing Assets/Tiny Swords (Update 010)/Factions/Knights/Buildings/House/House_Red.png using Guid(b4933dfd0786d95498fc77fa8a2b253c) Importer(815301076,1909f56bfc062723c751e8b465ee728b)  -> (artifact id: '524420bb99d2fd5a9749c0feb44cf0a0') in 0.052342 seconds 
========================================================================
Received Import Request.
  Time since last request: 0.000496 seconds.
  path: Assets/Tiny Swords (Update 010)/Factions/Knights/Buildings/House/House_Yellow.png
  artifactKey: Guid(bd212a05c0d9dec488c1b6267149ebf4) Importer(815301076,1909f56bfc062723c751e8b465ee728b)
Start importing Assets/Tiny Swords (Update 010)/Factions/Knights/Buildings/House/House_Yellow.png using Guid(bd212a05c0d9dec488c1b6267149ebf4) Importer(815301076,1909f56bfc062723c751e8b465ee728b)  -> (artifact id: '9d056579039918fa6b308b1f49c4a3d5') in 0.052909 seconds 
========================================================================
Received Import Request.
  Time since last request: 0.000451 seconds.
  path: Assets/Tiny Swords (Update 010)/Factions/Knights/Buildings/House/House_Construction.png
  artifactKey: Guid(04e8a3aa8d3fad645a0038effa2e1c0a) Importer(815301076,1909f56bfc062723c751e8b465ee728b)
Start importing Assets/Tiny Swords (Update 010)/Factions/Knights/Buildings/House/House_Construction.png using Guid(04e8a3aa8d3fad645a0038effa2e1c0a) Importer(815301076,1909f56bfc062723c751e8b465ee728b)  -> (artifact id: '2860e14505b96f24e02eff9983e5a003') in 0.041432 seconds 
========================================================================
Received Import Request.
  Time since last request: 0.148990 seconds.
  path: Assets/Tiny Swords (Update 010)/Factions/Knights/Buildings/Tower/Tower_Blue.png
  artifactKey: Guid(258562305cb9c6d41a6d6440dec00041) Importer(815301076,1909f56bfc062723c751e8b465ee728b)
Start importing Assets/Tiny Swords (Update 010)/Factions/Knights/Buildings/Tower/Tower_Blue.png using Guid(258562305cb9c6d41a6d6440dec00041) Importer(815301076,1909f56bfc062723c751e8b465ee728b)  -> (artifact id: 'da9a47beffe4728ddadf733a751d7af3') in 0.030435 seconds 
========================================================================
Received Import Request.
  Time since last request: 0.000468 seconds.
  path: Assets/Tiny Swords (Update 010)/Factions/Knights/Buildings/Tower/Tower_Red.png
  artifactKey: Guid(cc1b3f36a2857c142bb80c86a7eefdf5) Importer(815301076,1909f56bfc062723c751e8b465ee728b)
Start importing Assets/Tiny Swords (Update 010)/Factions/Knights/Buildings/Tower/Tower_Red.png using Guid(cc1b3f36a2857c142bb80c86a7eefdf5) Importer(815301076,1909f56bfc062723c751e8b465ee728b)  -> (artifact id: '0c45cdfdb1960fa86e9aca37fabff2db') in 0.043952 seconds 
========================================================================
Received Import Request.
  Time since last request: 0.000455 seconds.
  path: Assets/Tiny Swords (Update 010)/Factions/Knights/Buildings/Tower/Tower_Destroyed.png
  artifactKey: Guid(9651955a1753e62439dbb2d1d26d41ad) Importer(815301076,1909f56bfc062723c751e8b465ee728b)
Start importing Assets/Tiny Swords (Update 010)/Factions/Knights/Buildings/Tower/Tower_Destroyed.png using Guid(9651955a1753e62439dbb2d1d26d41ad) Importer(815301076,1909f56bfc062723c751e8b465ee728b)  -> (artifact id: 'f24dd7dfab81ad526bc103ce6a7975ea') in 0.048084 seconds 
========================================================================
Received Import Request.
  Time since last request: 0.000453 seconds.
  path: Assets/Tiny Swords (Update 010)/Factions/Knights/Buildings/Tower/Tower_Purple.png
  artifactKey: Guid(9abdea69d32ff884e89df986292856f4) Importer(815301076,1909f56bfc062723c751e8b465ee728b)
Start importing Assets/Tiny Swords (Update 010)/Factions/Knights/Buildings/Tower/Tower_Purple.png using Guid(9abdea69d32ff884e89df986292856f4) Importer(815301076,1909f56bfc062723c751e8b465ee728b)  -> (artifact id: 'ff3c8e36f91bfda00946af963704c81f') in 0.059737 seconds 
========================================================================
Received Import Request.
  Time since last request: 0.000479 seconds.
  path: Assets/Tiny Swords (Update 010)/Factions/Knights/Buildings/Tower/Tower_Yellow.png
  artifactKey: Guid(4cec2f2f000099e49a92afe2a6eaf10c) Importer(815301076,1909f56bfc062723c751e8b465ee728b)
Start importing Assets/Tiny Swords (Update 010)/Factions/Knights/Buildings/Tower/Tower_Yellow.png using Guid(4cec2f2f000099e49a92afe2a6eaf10c) Importer(815301076,1909f56bfc062723c751e8b465ee728b)  -> (artifact id: 'c08311beaa7ff998dc1f7c4fa0662463') in 0.052138 seconds 
========================================================================
Received Import Request.
  Time since last request: 0.000505 seconds.
  path: Assets/Tiny Swords (Update 010)/Factions/Knights/Buildings/Tower/Tower_Construction.png
  artifactKey: Guid(1da0c49d1b0ec144ba832c70453d138f) Importer(815301076,1909f56bfc062723c751e8b465ee728b)
Start importing Assets/Tiny Swords (Update 010)/Factions/Knights/Buildings/Tower/Tower_Construction.png using Guid(1da0c49d1b0ec144ba832c70453d138f) Importer(815301076,1909f56bfc062723c751e8b465ee728b)  -> (artifact id: '43fc59c2e4c6fba521d740c4d1a04cba') in 0.058085 seconds 
========================================================================
Received Import Request.
  Time since last request: 5.105843 seconds.
  path: Assets/Tiny Swords (Update 010)/Factions/Knights/Troops/Archer/Archer + Bow/Archer_Blue_(NoArms).png
  artifactKey: Guid(d4c06b7b1d34ebc42b5c5530d6a82cc4) Importer(815301076,1909f56bfc062723c751e8b465ee728b)
Start importing Assets/Tiny Swords (Update 010)/Factions/Knights/Troops/Archer/Archer + Bow/Archer_Blue_(NoArms).png using Guid(d4c06b7b1d34ebc42b5c5530d6a82cc4) Importer(815301076,1909f56bfc062723c751e8b465ee728b)  -> (artifact id: '719aeddf869ec884b7a6d2643e433d90') in 0.026972 seconds 
========================================================================
Received Import Request.
  Time since last request: 0.000401 seconds.
  path: Assets/Tiny Swords (Update 010)/Factions/Knights/Troops/Archer/Archer + Bow/Archer_Bow_Yellow.png
  artifactKey: Guid(2f10b2c6a35c8054a88345321ac03fae) Importer(815301076,1909f56bfc062723c751e8b465ee728b)
Start importing Assets/Tiny Swords (Update 010)/Factions/Knights/Troops/Archer/Archer + Bow/Archer_Bow_Yellow.png using Guid(2f10b2c6a35c8054a88345321ac03fae) Importer(815301076,1909f56bfc062723c751e8b465ee728b)  -> (artifact id: 'dd1abbbe2a2cf81d34a7c965cb6155aa') in 0.040297 seconds 
========================================================================
Received Import Request.
  Time since last request: 0.000407 seconds.
  path: Assets/Tiny Swords (Update 010)/Factions/Knights/Troops/Archer/Archer + Bow/Archer_Yellow_(NoArms).png
  artifactKey: Guid(20c11812250fc3948aecd92d4dd74912) Importer(815301076,1909f56bfc062723c751e8b465ee728b)
Start importing Assets/Tiny Swords (Update 010)/Factions/Knights/Troops/Archer/Archer + Bow/Archer_Yellow_(NoArms).png using Guid(20c11812250fc3948aecd92d4dd74912) Importer(815301076,1909f56bfc062723c751e8b465ee728b)  -> (artifact id: '56c1fa195af6d1c5d8567f99b9428cdc') in 0.041408 seconds 
========================================================================
Received Import Request.
  Time since last request: 0.000397 seconds.
  path: Assets/Tiny Swords (Update 010)/Factions/Knights/Troops/Archer/Archer + Bow/Archer_Bow_Red.png
  artifactKey: Guid(87115882c6558e640b0dc27292edd68e) Importer(815301076,1909f56bfc062723c751e8b465ee728b)
Start importing Assets/Tiny Swords (Update 010)/Factions/Knights/Troops/Archer/Archer + Bow/Archer_Bow_Red.png using Guid(87115882c6558e640b0dc27292edd68e) Importer(815301076,1909f56bfc062723c751e8b465ee728b)  -> (artifact id: '4053937a00b7ba433f463c9ed93de648') in 0.063610 seconds 
========================================================================
Received Import Request.
  Time since last request: 0.000479 seconds.
  path: Assets/Tiny Swords (Update 010)/Factions/Knights/Troops/Archer/Archer + Bow/Archer_Red_(NoArms).png
  artifactKey: Guid(e306cea87060faf42b261551221a97b9) Importer(815301076,1909f56bfc062723c751e8b465ee728b)
Start importing Assets/Tiny Swords (Update 010)/Factions/Knights/Troops/Archer/Archer + Bow/Archer_Red_(NoArms).png using Guid(e306cea87060faf42b261551221a97b9) Importer(815301076,1909f56bfc062723c751e8b465ee728b)  -> (artifact id: '8e02555d963ab798b9b3575320ab421e') in 0.058359 seconds 
========================================================================
Received Import Request.
  Time since last request: 0.000527 seconds.
  path: Assets/Tiny Swords (Update 010)/Factions/Knights/Troops/Archer/Archer + Bow/Archer_Purple_(NoArms).png
  artifactKey: Guid(013376539046233469a3e1449d728cd1) Importer(815301076,1909f56bfc062723c751e8b465ee728b)
Start importing Assets/Tiny Swords (Update 010)/Factions/Knights/Troops/Archer/Archer + Bow/Archer_Purple_(NoArms).png using Guid(013376539046233469a3e1449d728cd1) Importer(815301076,1909f56bfc062723c751e8b465ee728b)  -> (artifact id: '6db3dea0f5e792e144610609c79debbe') in 0.050817 seconds 
========================================================================
Received Import Request.
  Time since last request: 0.000419 seconds.
  path: Assets/Tiny Swords (Update 010)/Factions/Knights/Troops/Archer/Archer + Bow/Archer_Bow_Blue.png
  artifactKey: Guid(5bbc80fb6e9de5a47814d56a28b0e31f) Importer(815301076,1909f56bfc062723c751e8b465ee728b)
Start importing Assets/Tiny Swords (Update 010)/Factions/Knights/Troops/Archer/Archer + Bow/Archer_Bow_Blue.png using Guid(5bbc80fb6e9de5a47814d56a28b0e31f) Importer(815301076,1909f56bfc062723c751e8b465ee728b)  -> (artifact id: 'ab210653c75954a34cb9fce503c4fad7') in 0.041199 seconds 
========================================================================
Received Import Request.
  Time since last request: 0.000489 seconds.
  path: Assets/Tiny Swords (Update 010)/Factions/Knights/Troops/Archer/Archer + Bow/Archer_Bow_Purple.png
  artifactKey: Guid(664f4e5b9780b164884cb232d5185a06) Importer(815301076,1909f56bfc062723c751e8b465ee728b)
Start importing Assets/Tiny Swords (Update 010)/Factions/Knights/Troops/Archer/Archer + Bow/Archer_Bow_Purple.png using Guid(664f4e5b9780b164884cb232d5185a06) Importer(815301076,1909f56bfc062723c751e8b465ee728b)  -> (artifact id: '66c7fde7f41f2dd29a1b14c700ad8775') in 0.039410 seconds 
========================================================================
Received Import Request.
  Time since last request: 0.581096 seconds.
  path: Assets/Tiny Swords (Update 010)/Factions/Knights/Troops/Archer/Arrow/Arrow.png
  artifactKey: Guid(52d29d7de60289d48a92c7419fd107ff) Importer(815301076,1909f56bfc062723c751e8b465ee728b)
Start importing Assets/Tiny Swords (Update 010)/Factions/Knights/Troops/Archer/Arrow/Arrow.png using Guid(52d29d7de60289d48a92c7419fd107ff) Importer(815301076,1909f56bfc062723c751e8b465ee728b)  -> (artifact id: '6922d541fdc547ad67067b48b515aa30') in 0.022881 seconds 
========================================================================
Received Import Request.
  Time since last request: 1.951904 seconds.
  path: Assets/Tiny Swords (Update 010)/Factions/Knights/Troops/Archer/Archer + Bow.zip
  artifactKey: Guid(05dabcb91e78dc5498250e8a27b6f1c4) Importer(815301076,1909f56bfc062723c751e8b465ee728b)
Start importing Assets/Tiny Swords (Update 010)/Factions/Knights/Troops/Archer/Archer + Bow.zip using Guid(05dabcb91e78dc5498250e8a27b6f1c4) Importer(815301076,1909f56bfc062723c751e8b465ee728b)  -> (artifact id: '2e4e6697176f698877861856a9cb8d08') in 0.027832 seconds 
========================================================================
Received Import Request.
  Time since last request: 3.519483 seconds.
  path: Assets/Tiny Swords (Update 010)/Factions/Knights/Troops/Archer/Blue/Archer_Blue.png
  artifactKey: Guid(93e17860d24b5d145824983c143e6765) Importer(815301076,1909f56bfc062723c751e8b465ee728b)
Start importing Assets/Tiny Swords (Update 010)/Factions/Knights/Troops/Archer/Blue/Archer_Blue.png using Guid(93e17860d24b5d145824983c143e6765) Importer(815301076,1909f56bfc062723c751e8b465ee728b)  -> (artifact id: '4514af008116ef653193f09f868da985') in 0.052781 seconds 
========================================================================
Received Import Request.
  Time since last request: 0.380691 seconds.
  path: Assets/Tiny Swords (Update 010)/Factions/Knights/Troops/Archer/Purple/Archer_Purlple.png
  artifactKey: Guid(03d2f021c84ae6c40b43b59e2c2541c1) Importer(815301076,1909f56bfc062723c751e8b465ee728b)
Start importing Assets/Tiny Swords (Update 010)/Factions/Knights/Troops/Archer/Purple/Archer_Purlple.png using Guid(03d2f021c84ae6c40b43b59e2c2541c1) Importer(815301076,1909f56bfc062723c751e8b465ee728b)  -> (artifact id: '4b0fa0ffae39cd29cf568780a948bb7a') in 0.025652 seconds 
========================================================================
Received Import Request.
  Time since last request: 5.009182 seconds.
  path: Assets/Tiny Swords (Update 010)/Factions/Knights/Troops/Archer/Red/Archer_Red.png
  artifactKey: Guid(9102567449b3fc345a6a6f23c54cca07) Importer(815301076,1909f56bfc062723c751e8b465ee728b)
Start importing Assets/Tiny Swords (Update 010)/Factions/Knights/Troops/Archer/Red/Archer_Red.png using Guid(9102567449b3fc345a6a6f23c54cca07) Importer(815301076,1909f56bfc062723c751e8b465ee728b)  -> (artifact id: '66a39aec4a0a410a9d131e89a7a0cbe2') in 0.032896 seconds 
========================================================================
Received Import Request.
  Time since last request: 6.907702 seconds.
  path: Assets/Tiny Swords (Update 010)/Factions/Knights/Troops/Dead/Dead.png
  artifactKey: Guid(ff2f3783730486c4e8f593ac0fbc158f) Importer(815301076,1909f56bfc062723c751e8b465ee728b)
Start importing Assets/Tiny Swords (Update 010)/Factions/Knights/Troops/Dead/Dead.png using Guid(ff2f3783730486c4e8f593ac0fbc158f) Importer(815301076,1909f56bfc062723c751e8b465ee728b)  -> (artifact id: '556ed55c7651ba0123452037e39cb0ca') in 0.116929 seconds 
========================================================================
Received Import Request.
  Time since last request: 43.151713 seconds.
  path: Assets/Tiny Swords (Update 010)/Factions/Knights/Troops/Pawn/Blue/Pawn_Blue.png
  artifactKey: Guid(e42adf8d8695cf14f8d0e25e52579be7) Importer(815301076,1909f56bfc062723c751e8b465ee728b)
Start importing Assets/Tiny Swords (Update 010)/Factions/Knights/Troops/Pawn/Blue/Pawn_Blue.png using Guid(e42adf8d8695cf14f8d0e25e52579be7) Importer(815301076,1909f56bfc062723c751e8b465ee728b)  -> (artifact id: 'f2de447c862583cd37ae4293c50408e4') in 0.140129 seconds 
========================================================================
Received Import Request.
  Time since last request: 0.727891 seconds.
  path: Assets/Tiny Swords (Update 010)/Factions/Knights/Troops/Pawn/Purple/Pawn_Purple.png
  artifactKey: Guid(adee0a2ef3c127e4b9626892649b9eb6) Importer(815301076,1909f56bfc062723c751e8b465ee728b)
Start importing Assets/Tiny Swords (Update 010)/Factions/Knights/Troops/Pawn/Purple/Pawn_Purple.png using Guid(adee0a2ef3c127e4b9626892649b9eb6) Importer(815301076,1909f56bfc062723c751e8b465ee728b)  -> (artifact id: 'c2bac2090bc0646977d0686ec38eeaca') in 0.071668 seconds 
========================================================================
Received Import Request.
  Time since last request: 0.479826 seconds.
  path: Assets/Tiny Swords (Update 010)/Factions/Knights/Troops/Pawn/Red/Pawn_Red.png
  artifactKey: Guid(1c1ceabc035d67c458b171ea907dc7e4) Importer(815301076,1909f56bfc062723c751e8b465ee728b)
Start importing Assets/Tiny Swords (Update 010)/Factions/Knights/Troops/Pawn/Red/Pawn_Red.png using Guid(1c1ceabc035d67c458b171ea907dc7e4) Importer(815301076,1909f56bfc062723c751e8b465ee728b)  -> (artifact id: 'a314e127b66bcc5a0ee26f9e69e2e56f') in 0.049876 seconds 
========================================================================
Received Import Request.
  Time since last request: 2.234891 seconds.
  path: Assets/Tiny Swords (Update 010)/Factions/Knights/Troops/Warrior/Blue/Warrior_Blue.png
  artifactKey: Guid(589de5549fffa7c4ea194a788c10a8b7) Importer(815301076,1909f56bfc062723c751e8b465ee728b)
Start importing Assets/Tiny Swords (Update 010)/Factions/Knights/Troops/Warrior/Blue/Warrior_Blue.png using Guid(589de5549fffa7c4ea194a788c10a8b7) Importer(815301076,1909f56bfc062723c751e8b465ee728b)  -> (artifact id: '256607d7fe797a82f03ba2fb0aad82b3') in 0.031612 seconds 
========================================================================
Received Import Request.
  Time since last request: 5.999397 seconds.
  path: Assets/Tiny Swords (Update 010)/Resources/Gold Mine/GoldMine_Active.png
  artifactKey: Guid(335aa425515ac8c4081dd99f20199508) Importer(815301076,1909f56bfc062723c751e8b465ee728b)
Start importing Assets/Tiny Swords (Update 010)/Resources/Gold Mine/GoldMine_Active.png using Guid(335aa425515ac8c4081dd99f20199508) Importer(815301076,1909f56bfc062723c751e8b465ee728b)  -> (artifact id: '9c82d0710ed11cf4dad6ce3f493a824b') in 0.058936 seconds 
========================================================================
Received Import Request.
  Time since last request: 0.000485 seconds.
  path: Assets/Tiny Swords (Update 010)/Resources/Gold Mine/GoldMine_Destroyed.png
  artifactKey: Guid(aef9f294d10e95945abc2c3a171ba125) Importer(815301076,1909f56bfc062723c751e8b465ee728b)
Start importing Assets/Tiny Swords (Update 010)/Resources/Gold Mine/GoldMine_Destroyed.png using Guid(aef9f294d10e95945abc2c3a171ba125) Importer(815301076,1909f56bfc062723c751e8b465ee728b)  -> (artifact id: '4e1c757d31fa77b90b4b02dec479da99') in 0.059531 seconds 
========================================================================
Received Import Request.
  Time since last request: 0.000425 seconds.
  path: Assets/Tiny Swords (Update 010)/Resources/Gold Mine/GoldMine_Inactive.png
  artifactKey: Guid(5452b4b76edc5b449bea94a31b6cf433) Importer(815301076,1909f56bfc062723c751e8b465ee728b)
Start importing Assets/Tiny Swords (Update 010)/Resources/Gold Mine/GoldMine_Inactive.png using Guid(5452b4b76edc5b449bea94a31b6cf433) Importer(815301076,1909f56bfc062723c751e8b465ee728b)  -> (artifact id: '82460c4ec1d63cefc701cd9eadf7e7bc') in 0.053479 seconds 
========================================================================
Received Import Request.
  Time since last request: 0.545493 seconds.
  path: Assets/Tiny Swords (Update 010)/Resources/Resources/G_Idle.png
  artifactKey: Guid(52f448d3581f4b745b8d3726735f980e) Importer(815301076,1909f56bfc062723c751e8b465ee728b)
Start importing Assets/Tiny Swords (Update 010)/Resources/Resources/G_Idle.png using Guid(52f448d3581f4b745b8d3726735f980e) Importer(815301076,1909f56bfc062723c751e8b465ee728b)  -> (artifact id: '9424958ae7e5cc9450f6d82363e70d78') in 0.030169 seconds 
========================================================================
Received Import Request.
  Time since last request: 0.000397 seconds.
  path: Assets/Tiny Swords (Update 010)/Resources/Resources/W_Spawn.png
  artifactKey: Guid(d38941249bc7f53428c9a232441bee58) Importer(815301076,1909f56bfc062723c751e8b465ee728b)
Start importing Assets/Tiny Swords (Update 010)/Resources/Resources/W_Spawn.png using Guid(d38941249bc7f53428c9a232441bee58) Importer(815301076,1909f56bfc062723c751e8b465ee728b)  -> (artifact id: '21f5d07b39f804a22e62fc421c209860') in 0.044243 seconds 
========================================================================
Received Import Request.
  Time since last request: 0.000421 seconds.
  path: Assets/Tiny Swords (Update 010)/Resources/Resources/M_Spawn.png
  artifactKey: Guid(4ef02bee521ff6444be9152dc72df747) Importer(815301076,1909f56bfc062723c751e8b465ee728b)
Start importing Assets/Tiny Swords (Update 010)/Resources/Resources/M_Spawn.png using Guid(4ef02bee521ff6444be9152dc72df747) Importer(815301076,1909f56bfc062723c751e8b465ee728b)  -> (artifact id: '3d077bd5d39e6d04431813de365b2ab5') in 0.036446 seconds 
========================================================================
Received Import Request.
  Time since last request: 0.000536 seconds.
  path: Assets/Tiny Swords (Update 010)/Resources/Resources/G_Idle_(NoShadow).png
  artifactKey: Guid(cdffca76beaf563448bed2e5e1d9a18e) Importer(815301076,1909f56bfc062723c751e8b465ee728b)
Start importing Assets/Tiny Swords (Update 010)/Resources/Resources/G_Idle_(NoShadow).png using Guid(cdffca76beaf563448bed2e5e1d9a18e) Importer(815301076,1909f56bfc062723c751e8b465ee728b)  -> (artifact id: 'd871decd032416a9cc771d1a4a54e85a') in 0.029799 seconds 
========================================================================
Received Import Request.
  Time since last request: 0.000462 seconds.
  path: Assets/Tiny Swords (Update 010)/Resources/Resources/M_Idle.png
  artifactKey: Guid(80d400602c5ad13479c5af503b6794c2) Importer(815301076,1909f56bfc062723c751e8b465ee728b)
Start importing Assets/Tiny Swords (Update 010)/Resources/Resources/M_Idle.png using Guid(80d400602c5ad13479c5af503b6794c2) Importer(815301076,1909f56bfc062723c751e8b465ee728b)  -> (artifact id: '5d6bad971afa457e769a438de15a446e') in 0.029359 seconds 
========================================================================
Received Import Request.
  Time since last request: 0.000525 seconds.
  path: Assets/Tiny Swords (Update 010)/Resources/Resources/M_Idle_(NoShadow).png
  artifactKey: Guid(c84558fa16b8de5419cf93ace34f7eed) Importer(815301076,1909f56bfc062723c751e8b465ee728b)
Start importing Assets/Tiny Swords (Update 010)/Resources/Resources/M_Idle_(NoShadow).png using Guid(c84558fa16b8de5419cf93ace34f7eed) Importer(815301076,1909f56bfc062723c751e8b465ee728b)  -> (artifact id: 'e9b38f56a275b9525d70f78e897fa18f') in 0.147686 seconds 
========================================================================
Received Import Request.
  Time since last request: 0.001538 seconds.
  path: Assets/Tiny Swords (Update 010)/Resources/Resources/G_Spawn.png
  artifactKey: Guid(899c5042acaef5d40a5166a18cb233a0) Importer(815301076,1909f56bfc062723c751e8b465ee728b)
Start importing Assets/Tiny Swords (Update 010)/Resources/Resources/G_Spawn.png using Guid(899c5042acaef5d40a5166a18cb233a0) Importer(815301076,1909f56bfc062723c751e8b465ee728b)  -> (artifact id: '50d38b1d276a638d2779ac36e9a45978') in 0.070022 seconds 
========================================================================
Received Import Request.
  Time since last request: 0.000570 seconds.
  path: Assets/Tiny Swords (Update 010)/Resources/Resources/W_Idle.png
  artifactKey: Guid(3e3554c3e0d77e04882257e04c887cc9) Importer(815301076,1909f56bfc062723c751e8b465ee728b)
Start importing Assets/Tiny Swords (Update 010)/Resources/Resources/W_Idle.png using Guid(3e3554c3e0d77e04882257e04c887cc9) Importer(815301076,1909f56bfc062723c751e8b465ee728b)  -> (artifact id: 'f53156339c2ea2cde0dbee446ff5cbde') in 0.055588 seconds 
========================================================================
Received Import Request.
  Time since last request: 0.000389 seconds.
  path: Assets/Tiny Swords (Update 010)/Resources/Resources/W_Idle_(NoShadow).png
  artifactKey: Guid(2f3fb90c83100bd4eb6442434ebb8d30) Importer(815301076,1909f56bfc062723c751e8b465ee728b)
Start importing Assets/Tiny Swords (Update 010)/Resources/Resources/W_Idle_(NoShadow).png using Guid(2f3fb90c83100bd4eb6442434ebb8d30) Importer(815301076,1909f56bfc062723c751e8b465ee728b)  -> (artifact id: '5b1873def712a1895634f62167225074') in 0.110268 seconds 
========================================================================
Received Import Request.
  Time since last request: 3.137244 seconds.
  path: Assets/Tiny Swords (Update 010)/Resources/Sheep/HappySheep_All.png
  artifactKey: Guid(995d8cb782811fd4cb10be8cea6e4315) Importer(815301076,1909f56bfc062723c751e8b465ee728b)
Start importing Assets/Tiny Swords (Update 010)/Resources/Sheep/HappySheep_All.png using Guid(995d8cb782811fd4cb10be8cea6e4315) Importer(815301076,1909f56bfc062723c751e8b465ee728b)  -> (artifact id: 'ef26101d0af878c06ae3679370ef28b7') in 0.031980 seconds 
========================================================================
Received Import Request.
  Time since last request: 0.000374 seconds.
  path: Assets/Tiny Swords (Update 010)/Resources/Sheep/HappySheep_Bouncing.png
  artifactKey: Guid(43c30ddc5fe5b264ca364645f0f57c65) Importer(815301076,1909f56bfc062723c751e8b465ee728b)
Start importing Assets/Tiny Swords (Update 010)/Resources/Sheep/HappySheep_Bouncing.png using Guid(43c30ddc5fe5b264ca364645f0f57c65) Importer(815301076,1909f56bfc062723c751e8b465ee728b)  -> (artifact id: 'aefde4fb971795989beac35dd493c787') in 0.046921 seconds 
========================================================================
Received Import Request.
  Time since last request: 0.000572 seconds.
  path: Assets/Tiny Swords (Update 010)/Resources/Sheep/HappySheep_Idle.png
  artifactKey: Guid(5ad15f07db6157c4dabeb1c5628c846a) Importer(815301076,1909f56bfc062723c751e8b465ee728b)
Start importing Assets/Tiny Swords (Update 010)/Resources/Sheep/HappySheep_Idle.png using Guid(5ad15f07db6157c4dabeb1c5628c846a) Importer(815301076,1909f56bfc062723c751e8b465ee728b)  -> (artifact id: '6b2a9bca5405934eae4e4d023857a373') in 0.119783 seconds 
========================================================================
Received Import Request.
  Time since last request: 0.800225 seconds.
  path: Assets/Tiny Swords (Update 010)/Resources/Trees/Tree.png
  artifactKey: Guid(f700339341745d6488fd02580888ff98) Importer(815301076,1909f56bfc062723c751e8b465ee728b)
Start importing Assets/Tiny Swords (Update 010)/Resources/Trees/Tree.png using Guid(f700339341745d6488fd02580888ff98) Importer(815301076,1909f56bfc062723c751e8b465ee728b)  -> (artifact id: '44d43825046b3def492d9e27691afe81') in 0.041588 seconds 
========================================================================
Received Import Request.
  Time since last request: 3.205762 seconds.
  path: Assets/Tiny Swords (Update 010)/Terrain/Bridge/Bridge_All.png
  artifactKey: Guid(dc7af4a9b0b8f8948bfc4bd0dafd5804) Importer(815301076,1909f56bfc062723c751e8b465ee728b)
Start importing Assets/Tiny Swords (Update 010)/Terrain/Bridge/Bridge_All.png using Guid(dc7af4a9b0b8f8948bfc4bd0dafd5804) Importer(815301076,1909f56bfc062723c751e8b465ee728b)  -> (artifact id: 'c9e06e57b995cb8bbc8755945193c6df') in 0.026028 seconds 
========================================================================
Received Import Request.
  Time since last request: 0.798275 seconds.
  path: Assets/Tiny Swords (Update 010)/Terrain/Ground/Shadows.png
  artifactKey: Guid(9a199f9c0720ba84fa81a84a716df759) Importer(815301076,1909f56bfc062723c751e8b465ee728b)
Start importing Assets/Tiny Swords (Update 010)/Terrain/Ground/Shadows.png using Guid(9a199f9c0720ba84fa81a84a716df759) Importer(815301076,1909f56bfc062723c751e8b465ee728b)  -> (artifact id: 'b64e6ca4ddff8e47d30c39a9e65ca1d7') in 0.032610 seconds 
========================================================================
Received Import Request.
  Time since last request: 0.000371 seconds.
  path: Assets/Tiny Swords (Update 010)/Terrain/Ground/Tilemap_Flat.png
  artifactKey: Guid(3a15dbd62e526f342819ef790b6e28af) Importer(815301076,1909f56bfc062723c751e8b465ee728b)
Start importing Assets/Tiny Swords (Update 010)/Terrain/Ground/Tilemap_Flat.png using Guid(3a15dbd62e526f342819ef790b6e28af) Importer(815301076,1909f56bfc062723c751e8b465ee728b)  -> (artifact id: 'bc625aac3409ae2be3af92127e5c3585') in 0.282167 seconds 
========================================================================
Received Import Request.
  Time since last request: 0.000720 seconds.
  path: Assets/Tiny Swords (Update 010)/Terrain/Ground/Tilemap_Elevation.png
  artifactKey: Guid(a5bb9ff69860eca43b46ed0022df1721) Importer(815301076,1909f56bfc062723c751e8b465ee728b)
Start importing Assets/Tiny Swords (Update 010)/Terrain/Ground/Tilemap_Elevation.png using Guid(a5bb9ff69860eca43b46ed0022df1721) Importer(815301076,1909f56bfc062723c751e8b465ee728b)  -> (artifact id: 'e0bbc30382d86b9f74c75a9d6dd7f9aa') in 0.064316 seconds 
========================================================================
Received Import Request.
  Time since last request: 0.212826 seconds.
  path: Assets/Tiny Swords (Update 010)/Terrain/Water/Water.png
  artifactKey: Guid(48ea8df91a395c445ab50d7f02784485) Importer(815301076,1909f56bfc062723c751e8b465ee728b)
Start importing Assets/Tiny Swords (Update 010)/Terrain/Water/Water.png using Guid(48ea8df91a395c445ab50d7f02784485) Importer(815301076,1909f56bfc062723c751e8b465ee728b)  -> (artifact id: 'ccf9509759193b4505e4e0efe4e1e0a2') in 0.351862 seconds 
========================================================================
Received Import Request.
  Time since last request: 4.200329 seconds.
  path: Assets/Tiny Swords (Update 010)/UI/Banners/Banner_Connection_Down.png
  artifactKey: Guid(4e122a7f6e92ad14d9b20fead60cf1bf) Importer(815301076,1909f56bfc062723c751e8b465ee728b)
Start importing Assets/Tiny Swords (Update 010)/UI/Banners/Banner_Connection_Down.png using Guid(4e122a7f6e92ad14d9b20fead60cf1bf) Importer(815301076,1909f56bfc062723c751e8b465ee728b)  -> (artifact id: '9bbb39fec8fad5042b2229d35b8844f3') in 0.239465 seconds 
========================================================================
Received Import Request.
  Time since last request: 0.001006 seconds.
  path: Assets/Tiny Swords (Update 010)/UI/Banners/Banner_Vertical.png
  artifactKey: Guid(6777dca344ffdbf4b96392be66b802fb) Importer(815301076,1909f56bfc062723c751e8b465ee728b)
Start importing Assets/Tiny Swords (Update 010)/UI/Banners/Banner_Vertical.png using Guid(6777dca344ffdbf4b96392be66b802fb) Importer(815301076,1909f56bfc062723c751e8b465ee728b)  -> (artifact id: '64f4f019f5471d71913d4fd247bfc36b') in 0.063523 seconds 
========================================================================
Received Import Request.
  Time since last request: 0.000969 seconds.
  path: Assets/Tiny Swords (Update 010)/UI/Banners/Carved_Regular.png
  artifactKey: Guid(ec6737ab014b04040a6c1a7bf5152dd6) Importer(815301076,1909f56bfc062723c751e8b465ee728b)
Start importing Assets/Tiny Swords (Update 010)/UI/Banners/Carved_Regular.png using Guid(ec6737ab014b04040a6c1a7bf5152dd6) Importer(815301076,1909f56bfc062723c751e8b465ee728b)  -> (artifact id: 'c9812cf440522277befa910722778d48') in 0.105163 seconds 
========================================================================
Received Import Request.
  Time since last request: 0.000615 seconds.
  path: Assets/Tiny Swords (Update 010)/UI/Banners/Carved_3Slides.png
  artifactKey: Guid(4e3552dacabd9b84ea0bff19df9c01ec) Importer(815301076,1909f56bfc062723c751e8b465ee728b)
Start importing Assets/Tiny Swords (Update 010)/UI/Banners/Carved_3Slides.png using Guid(4e3552dacabd9b84ea0bff19df9c01ec) Importer(815301076,1909f56bfc062723c751e8b465ee728b)  -> (artifact id: '350b82e56c18a0f557b23eb2ec8dc097') in 0.087776 seconds 
========================================================================
Received Import Request.
  Time since last request: 0.000635 seconds.
  path: Assets/Tiny Swords (Update 010)/UI/Banners/Carved_9Slides.png
  artifactKey: Guid(a0b42ad0d68060b47a1f25f373e68f6e) Importer(815301076,1909f56bfc062723c751e8b465ee728b)
Start importing Assets/Tiny Swords (Update 010)/UI/Banners/Carved_9Slides.png using Guid(a0b42ad0d68060b47a1f25f373e68f6e) Importer(815301076,1909f56bfc062723c751e8b465ee728b)  -> (artifact id: 'c4cdc3cab09dbe1e8d545e392eed8b0a') in 0.077156 seconds 
========================================================================
Received Import Request.
  Time since last request: 0.000646 seconds.
  path: Assets/Tiny Swords (Update 010)/UI/Banners/Banner_Connection_Up.png
  artifactKey: Guid(f6a0b75b3aa645b4497201e185c00307) Importer(815301076,1909f56bfc062723c751e8b465ee728b)
Start importing Assets/Tiny Swords (Update 010)/UI/Banners/Banner_Connection_Up.png using Guid(f6a0b75b3aa645b4497201e185c00307) Importer(815301076,1909f56bfc062723c751e8b465ee728b)  -> (artifact id: 'c042da8580417ac182ddbb515243ea05') in 0.072688 seconds 
========================================================================
Received Import Request.
  Time since last request: 0.000576 seconds.
  path: Assets/Tiny Swords (Update 010)/UI/Buttons/Button_Red_3Slides_Pressed.png
  artifactKey: Guid(ea9c57cd998077d44a076420292168b6) Importer(815301076,1909f56bfc062723c751e8b465ee728b)
Start importing Assets/Tiny Swords (Update 010)/UI/Buttons/Button_Red_3Slides_Pressed.png using Guid(ea9c57cd998077d44a076420292168b6) Importer(815301076,1909f56bfc062723c751e8b465ee728b)  -> (artifact id: 'c9fb0d482ee0ec5703178983315dcf27') in 0.045193 seconds 
========================================================================
Received Import Request.
  Time since last request: 0.000680 seconds.
  path: Assets/Tiny Swords (Update 010)/UI/Buttons/Button_Blue_9Slides_Pressed.png
  artifactKey: Guid(e704f908eb7898e48b5f8f2fc5f73820) Importer(815301076,1909f56bfc062723c751e8b465ee728b)
Start importing Assets/Tiny Swords (Update 010)/UI/Buttons/Button_Blue_9Slides_Pressed.png using Guid(e704f908eb7898e48b5f8f2fc5f73820) Importer(815301076,1909f56bfc062723c751e8b465ee728b)  -> (artifact id: '55c781b695f1fab3b8b650958ac4430f') in 0.056609 seconds 
========================================================================
Received Import Request.
  Time since last request: 0.000660 seconds.
  path: Assets/Tiny Swords (Update 010)/UI/Buttons/Button_Hover.png
  artifactKey: Guid(cb56cf4cb73d3144a9b5097c3571164e) Importer(815301076,1909f56bfc062723c751e8b465ee728b)
Start importing Assets/Tiny Swords (Update 010)/UI/Buttons/Button_Hover.png using Guid(cb56cf4cb73d3144a9b5097c3571164e) Importer(815301076,1909f56bfc062723c751e8b465ee728b)  -> (artifact id: '6313703d6cc6793df89bbdad9c8ce5e5') in 0.058863 seconds 
========================================================================
Received Import Request.
  Time since last request: 0.000599 seconds.
  path: Assets/Tiny Swords (Update 010)/UI/Buttons/Button_Blue_9Slides.png
  artifactKey: Guid(4364d894d68f50a48948698746c92c36) Importer(815301076,1909f56bfc062723c751e8b465ee728b)
Start importing Assets/Tiny Swords (Update 010)/UI/Buttons/Button_Blue_9Slides.png using Guid(4364d894d68f50a48948698746c92c36) Importer(815301076,1909f56bfc062723c751e8b465ee728b)  -> (artifact id: '2c9655f4ca4e462114b8593d876fa5a0') in 0.066635 seconds 
========================================================================
Received Import Request.
  Time since last request: 0.000797 seconds.
  path: Assets/Tiny Swords (Update 010)/UI/Buttons/Button_Red_9Slides_Pressed.png
  artifactKey: Guid(49c5a5406e9ade34787305828f50e69c) Importer(815301076,1909f56bfc062723c751e8b465ee728b)
Start importing Assets/Tiny Swords (Update 010)/UI/Buttons/Button_Red_9Slides_Pressed.png using Guid(49c5a5406e9ade34787305828f50e69c) Importer(815301076,1909f56bfc062723c751e8b465ee728b)  -> (artifact id: '1bee961157a3ccc0a174ce22915af393') in 0.052679 seconds 
========================================================================
Received Import Request.
  Time since last request: 0.000519 seconds.
  path: Assets/Tiny Swords (Update 010)/UI/Buttons/Button_Red_9Slides.png
  artifactKey: Guid(86fb4bb3abfd937428ef5f8a684935b3) Importer(815301076,1909f56bfc062723c751e8b465ee728b)
Start importing Assets/Tiny Swords (Update 010)/UI/Buttons/Button_Red_9Slides.png using Guid(86fb4bb3abfd937428ef5f8a684935b3) Importer(815301076,1909f56bfc062723c751e8b465ee728b)  -> (artifact id: 'e460c5be046d94c5d847301ab3c9a22b') in 0.085644 seconds 
========================================================================
Received Import Request.
  Time since last request: 0.000847 seconds.
  path: Assets/Tiny Swords (Update 010)/UI/Buttons/Button_Red_Pressed.png
  artifactKey: Guid(790ddd0e30762b140bb0d39d8c7e5b89) Importer(815301076,1909f56bfc062723c751e8b465ee728b)
Start importing Assets/Tiny Swords (Update 010)/UI/Buttons/Button_Red_Pressed.png using Guid(790ddd0e30762b140bb0d39d8c7e5b89) Importer(815301076,1909f56bfc062723c751e8b465ee728b)  -> (artifact id: '358296491604b69fc0f11a0e1f0ccc63') in 0.055804 seconds 
========================================================================
Received Import Request.
  Time since last request: 0.000230 seconds.
  path: Assets/Tiny Swords (Update 010)/UI/Buttons/Button_Hover_3Slides.png
  artifactKey: Guid(e7ab8bd33ee2a2e45baf256163517d3e) Importer(815301076,1909f56bfc062723c751e8b465ee728b)
Start importing Assets/Tiny Swords (Update 010)/UI/Buttons/Button_Hover_3Slides.png using Guid(e7ab8bd33ee2a2e45baf256163517d3e) Importer(815301076,1909f56bfc062723c751e8b465ee728b)  -> (artifact id: 'ff0adb33e8ee3a0f6f7f1ea17704f5a0') in 0.060998 seconds 
========================================================================
Received Import Request.
  Time since last request: 0.000701 seconds.
  path: Assets/Tiny Swords (Update 010)/UI/Buttons/Button_Hover_9Slides.png
  artifactKey: Guid(beeb5870922d1b641b3a82a6fa64a441) Importer(815301076,1909f56bfc062723c751e8b465ee728b)
Start importing Assets/Tiny Swords (Update 010)/UI/Buttons/Button_Hover_9Slides.png using Guid(beeb5870922d1b641b3a82a6fa64a441) Importer(815301076,1909f56bfc062723c751e8b465ee728b)  -> (artifact id: '635f144f886d7aded03d387bcbdc062a') in 0.070283 seconds 
========================================================================
Received Import Request.
  Time since last request: 0.000634 seconds.
  path: Assets/Tiny Swords (Update 010)/UI/Buttons/Button_Blue.png
  artifactKey: Guid(fa95dce1edf30554bbd01a06f403a0ed) Importer(815301076,1909f56bfc062723c751e8b465ee728b)
Start importing Assets/Tiny Swords (Update 010)/UI/Buttons/Button_Blue.png using Guid(fa95dce1edf30554bbd01a06f403a0ed) Importer(815301076,1909f56bfc062723c751e8b465ee728b)  -> (artifact id: 'ec3a623de5dd8a172fc542ca358151ca') in 0.049030 seconds 
========================================================================
Received Import Request.
  Time since last request: 0.000592 seconds.
  path: Assets/Tiny Swords (Update 010)/UI/Buttons/Button_Disable_9Slides.png
  artifactKey: Guid(75d6e25eb5bc0244aa7ee2e6a9ef73a1) Importer(815301076,1909f56bfc062723c751e8b465ee728b)
Start importing Assets/Tiny Swords (Update 010)/UI/Buttons/Button_Disable_9Slides.png using Guid(75d6e25eb5bc0244aa7ee2e6a9ef73a1) Importer(815301076,1909f56bfc062723c751e8b465ee728b)  -> (artifact id: '62920e2ca009d63bb8cba64dcc297f04') in 0.062788 seconds 
========================================================================
Received Import Request.
  Time since last request: 0.000432 seconds.
  path: Assets/Tiny Swords (Update 010)/UI/Buttons/Button_Red_3Slides.png
  artifactKey: Guid(ef00a22afcad72c48b47be842f9fd8a9) Importer(815301076,1909f56bfc062723c751e8b465ee728b)
Start importing Assets/Tiny Swords (Update 010)/UI/Buttons/Button_Red_3Slides.png using Guid(ef00a22afcad72c48b47be842f9fd8a9) Importer(815301076,1909f56bfc062723c751e8b465ee728b)  -> (artifact id: '052eb807580f6d9dde76277465ab29e4') in 0.052200 seconds 
========================================================================
Received Import Request.
  Time since last request: 0.000591 seconds.
  path: Assets/Tiny Swords (Update 010)/UI/Buttons/Button_Red.png
  artifactKey: Guid(9591a9ff8b25ee54e96985ca0b48f75d) Importer(815301076,1909f56bfc062723c751e8b465ee728b)
Start importing Assets/Tiny Swords (Update 010)/UI/Buttons/Button_Red.png using Guid(9591a9ff8b25ee54e96985ca0b48f75d) Importer(815301076,1909f56bfc062723c751e8b465ee728b)  -> (artifact id: '70b8bf97886bca0a331f114a0aedd96a') in 0.077616 seconds 
========================================================================
Received Import Request.
  Time since last request: 0.000588 seconds.
  path: Assets/Tiny Swords (Update 010)/UI/Buttons/Button_Blue_Pressed.png
  artifactKey: Guid(b51d45976a86e064698325ff3ab2673e) Importer(815301076,1909f56bfc062723c751e8b465ee728b)
Start importing Assets/Tiny Swords (Update 010)/UI/Buttons/Button_Blue_Pressed.png using Guid(b51d45976a86e064698325ff3ab2673e) Importer(815301076,1909f56bfc062723c751e8b465ee728b)  -> (artifact id: 'ccc9a8b168519583df0bd6058b254d66') in 0.052118 seconds 
========================================================================
Received Import Request.
  Time since last request: 0.000587 seconds.
  path: Assets/Tiny Swords (Update 010)/UI/Banners/Banner_Horizontal.png
  artifactKey: Guid(c714e31524613864287870defd2b2b2f) Importer(815301076,1909f56bfc062723c751e8b465ee728b)
Start importing Assets/Tiny Swords (Update 010)/UI/Banners/Banner_Horizontal.png using Guid(c714e31524613864287870defd2b2b2f) Importer(815301076,1909f56bfc062723c751e8b465ee728b)  -> (artifact id: '207b0e2f1a3c1c23fe38d96b188346a6') in 0.044637 seconds 
========================================================================
Received Import Request.
  Time since last request: 0.000626 seconds.
  path: Assets/Tiny Swords (Update 010)/UI/Banners/Banner_Connection_Right.png
  artifactKey: Guid(e5169130a7bdc394da368f7539cb22a4) Importer(815301076,1909f56bfc062723c751e8b465ee728b)
Start importing Assets/Tiny Swords (Update 010)/UI/Banners/Banner_Connection_Right.png using Guid(e5169130a7bdc394da368f7539cb22a4) Importer(815301076,1909f56bfc062723c751e8b465ee728b)  -> (artifact id: 'ede2f156609a2ad62cfa215965807bdd') in 0.048093 seconds 
========================================================================
Received Import Request.
  Time since last request: 0.000591 seconds.
  path: Assets/Tiny Swords (Update 010)/UI/Buttons/Button_Disable.png
  artifactKey: Guid(2a590eca3f0e5004a9dcb4796cbbe142) Importer(815301076,1909f56bfc062723c751e8b465ee728b)
Start importing Assets/Tiny Swords (Update 010)/UI/Buttons/Button_Disable.png using Guid(2a590eca3f0e5004a9dcb4796cbbe142) Importer(815301076,1909f56bfc062723c751e8b465ee728b)  -> (artifact id: 'd766f9e65525769bdcad1633a0b7019a') in 0.048255 seconds 
========================================================================
Received Import Request.
  Time since last request: 0.000602 seconds.
  path: Assets/Tiny Swords (Update 010)/UI/Buttons/Button_Blue_3Slides_Pressed.png
  artifactKey: Guid(192f2043137f84b4095481f13cd52f20) Importer(815301076,1909f56bfc062723c751e8b465ee728b)
Start importing Assets/Tiny Swords (Update 010)/UI/Buttons/Button_Blue_3Slides_Pressed.png using Guid(192f2043137f84b4095481f13cd52f20) Importer(815301076,1909f56bfc062723c751e8b465ee728b)  -> (artifact id: '52ee809a8f00c76eb9857635c957e79d') in 0.055397 seconds 
========================================================================
Received Import Request.
  Time since last request: 0.000692 seconds.
  path: Assets/Tiny Swords (Update 010)/UI/Buttons/Button_Blue_3Slides.png
  artifactKey: Guid(2d7cac46236e2cb428f1662e34928dd5) Importer(815301076,1909f56bfc062723c751e8b465ee728b)
Start importing Assets/Tiny Swords (Update 010)/UI/Buttons/Button_Blue_3Slides.png using Guid(2d7cac46236e2cb428f1662e34928dd5) Importer(815301076,1909f56bfc062723c751e8b465ee728b)  -> (artifact id: '81b91599cd3a5492abf1fe3e1b2e8e9c') in 0.061467 seconds 
========================================================================
Received Import Request.
  Time since last request: 0.000591 seconds.
  path: Assets/Tiny Swords (Update 010)/UI/Banners/Banner_Connection_Left.png
  artifactKey: Guid(5cdcbe32451a532448b3ecbb04a1693b) Importer(815301076,1909f56bfc062723c751e8b465ee728b)
Start importing Assets/Tiny Swords (Update 010)/UI/Banners/Banner_Connection_Left.png using Guid(5cdcbe32451a532448b3ecbb04a1693b) Importer(815301076,1909f56bfc062723c751e8b465ee728b)  -> (artifact id: '3d471ceec97c68591412a01943c9559c') in 0.060459 seconds 
========================================================================
Received Import Request.
  Time since last request: 0.000570 seconds.
  path: Assets/Tiny Swords (Update 010)/UI/Buttons/Button_Disable_3Slides.png
  artifactKey: Guid(4d7b77586e4db054c8ac805de6dc9cc1) Importer(815301076,1909f56bfc062723c751e8b465ee728b)
Start importing Assets/Tiny Swords (Update 010)/UI/Buttons/Button_Disable_3Slides.png using Guid(4d7b77586e4db054c8ac805de6dc9cc1) Importer(815301076,1909f56bfc062723c751e8b465ee728b)  -> (artifact id: 'f1c0babfd8f64527c9d320706d51804b') in 0.047554 seconds 
========================================================================
Received Import Request.
  Time since last request: 0.606202 seconds.
  path: Assets/Tiny Swords (Update 010)/UI/Icons/Disable_01.png
  artifactKey: Guid(55527460aa8fdbe4f8cdc643eb684593) Importer(815301076,1909f56bfc062723c751e8b465ee728b)
Start importing Assets/Tiny Swords (Update 010)/UI/Icons/Disable_01.png using Guid(55527460aa8fdbe4f8cdc643eb684593) Importer(815301076,1909f56bfc062723c751e8b465ee728b)  -> (artifact id: '2558643094d99b5017a43570f8a22808') in 0.040154 seconds 
========================================================================
Received Import Request.
  Time since last request: 0.000520 seconds.
  path: Assets/Tiny Swords (Update 010)/UI/Icons/Pressed_04.png
  artifactKey: Guid(ce4c1621a7ab32f429f818a3329e00c4) Importer(815301076,1909f56bfc062723c751e8b465ee728b)
Start importing Assets/Tiny Swords (Update 010)/UI/Icons/Pressed_04.png using Guid(ce4c1621a7ab32f429f818a3329e00c4) Importer(815301076,1909f56bfc062723c751e8b465ee728b)  -> (artifact id: 'ceda636b396a413849854c9d32aa113d') in 0.052307 seconds 
========================================================================
Received Import Request.
  Time since last request: 0.000455 seconds.
  path: Assets/Tiny Swords (Update 010)/UI/Icons/Pressed_02.png
  artifactKey: Guid(9b282182ce229694eae318ad519f3c39) Importer(815301076,1909f56bfc062723c751e8b465ee728b)
Start importing Assets/Tiny Swords (Update 010)/UI/Icons/Pressed_02.png using Guid(9b282182ce229694eae318ad519f3c39) Importer(815301076,1909f56bfc062723c751e8b465ee728b)  -> (artifact id: 'aa2054028d1af6cced37b64e0bc7ffa7') in 0.075744 seconds 
========================================================================
Received Import Request.
  Time since last request: 0.000687 seconds.
  path: Assets/Tiny Swords (Update 010)/UI/Icons/Disable_02.png
  artifactKey: Guid(12e1a99dfad9ac341ac91363c82ab0e6) Importer(815301076,1909f56bfc062723c751e8b465ee728b)
Start importing Assets/Tiny Swords (Update 010)/UI/Icons/Disable_02.png using Guid(12e1a99dfad9ac341ac91363c82ab0e6) Importer(815301076,1909f56bfc062723c751e8b465ee728b)  -> (artifact id: '65e57465eb89c7edec0191450582282e') in 0.064859 seconds 
========================================================================
Received Import Request.
  Time since last request: 0.000563 seconds.
  path: Assets/Tiny Swords (Update 010)/UI/Icons/Disable_04.png
  artifactKey: Guid(798e3a4bdf47d524398ab9aa6b3bacf2) Importer(815301076,1909f56bfc062723c751e8b465ee728b)
Start importing Assets/Tiny Swords (Update 010)/UI/Icons/Disable_04.png using Guid(798e3a4bdf47d524398ab9aa6b3bacf2) Importer(815301076,1909f56bfc062723c751e8b465ee728b)  -> (artifact id: '73f4ed10c7122dcbc198de1d52b460c5') in 0.059126 seconds 
========================================================================
Received Import Request.
  Time since last request: 0.000589 seconds.
  path: Assets/Tiny Swords (Update 010)/UI/Icons/Pressed_05.png
  artifactKey: Guid(798cdc8e23de61f4d889c68fe073b58c) Importer(815301076,1909f56bfc062723c751e8b465ee728b)
Start importing Assets/Tiny Swords (Update 010)/UI/Icons/Pressed_05.png using Guid(798cdc8e23de61f4d889c68fe073b58c) Importer(815301076,1909f56bfc062723c751e8b465ee728b)  -> (artifact id: 'a8a55e1d065c6bd54694d02a0ae07567') in 0.054665 seconds 
========================================================================
Received Import Request.
  Time since last request: 0.000524 seconds.
  path: Assets/Tiny Swords (Update 010)/UI/Icons/Pressed_09.png
  artifactKey: Guid(c291ae822d3f50144af78f40a74e0aa8) Importer(815301076,1909f56bfc062723c751e8b465ee728b)
Start importing Assets/Tiny Swords (Update 010)/UI/Icons/Pressed_09.png using Guid(c291ae822d3f50144af78f40a74e0aa8) Importer(815301076,1909f56bfc062723c751e8b465ee728b)  -> (artifact id: '76651c5526ecb3255c8cc1141715d3e1') in 0.055584 seconds 
========================================================================
Received Import Request.
  Time since last request: 0.000553 seconds.
  path: Assets/Tiny Swords (Update 010)/UI/Icons/Regular_07.png
  artifactKey: Guid(4e9c17490cbb4454f8b210c0e4eb0904) Importer(815301076,1909f56bfc062723c751e8b465ee728b)
Start importing Assets/Tiny Swords (Update 010)/UI/Icons/Regular_07.png using Guid(4e9c17490cbb4454f8b210c0e4eb0904) Importer(815301076,1909f56bfc062723c751e8b465ee728b)  -> (artifact id: '341ba647fea148b78ac8ac43cace4055') in 0.066953 seconds 
========================================================================
Received Import Request.
  Time since last request: 0.000225 seconds.
  path: Assets/Tiny Swords (Update 010)/UI/Icons/Disable_06.png
  artifactKey: Guid(5518c0494464f404b96d98883830cb35) Importer(815301076,1909f56bfc062723c751e8b465ee728b)
Start importing Assets/Tiny Swords (Update 010)/UI/Icons/Disable_06.png using Guid(5518c0494464f404b96d98883830cb35) Importer(815301076,1909f56bfc062723c751e8b465ee728b)  -> (artifact id: 'efabc8190b7465f35a146cf37836f648') in 0.049316 seconds 
========================================================================
Received Import Request.
  Time since last request: 0.000569 seconds.
  path: Assets/Tiny Swords (Update 010)/UI/Icons/Pressed_06.png
  artifactKey: Guid(b348cf794f41224489af74697e7a5752) Importer(815301076,1909f56bfc062723c751e8b465ee728b)
Start importing Assets/Tiny Swords (Update 010)/UI/Icons/Pressed_06.png using Guid(b348cf794f41224489af74697e7a5752) Importer(815301076,1909f56bfc062723c751e8b465ee728b)  -> (artifact id: '688a1b3a689ed40fdd8d5c32eead6e0c') in 0.059838 seconds 
========================================================================
Received Import Request.
  Time since last request: 0.000360 seconds.
  path: Assets/Tiny Swords (Update 010)/UI/Icons/Pressed_01.png
  artifactKey: Guid(8d5dcf62f99c04843b8cc2685bc674f8) Importer(815301076,1909f56bfc062723c751e8b465ee728b)
Start importing Assets/Tiny Swords (Update 010)/UI/Icons/Pressed_01.png using Guid(8d5dcf62f99c04843b8cc2685bc674f8) Importer(815301076,1909f56bfc062723c751e8b465ee728b)  -> (artifact id: '09205f94818b2e93a6cc0d9ba793126b') in 0.044510 seconds 
========================================================================
Received Import Request.
  Time since last request: 0.000551 seconds.
  path: Assets/Tiny Swords (Update 010)/UI/Icons/Regular_08.png
  artifactKey: Guid(807525a6856223b49a02fe04ecd422d5) Importer(815301076,1909f56bfc062723c751e8b465ee728b)
Start importing Assets/Tiny Swords (Update 010)/UI/Icons/Regular_08.png using Guid(807525a6856223b49a02fe04ecd422d5) Importer(815301076,1909f56bfc062723c751e8b465ee728b)  -> (artifact id: '8ea3add84fe25cea293dd7ba50576bca') in 0.037455 seconds 
========================================================================
Received Import Request.
  Time since last request: 0.000438 seconds.
  path: Assets/Tiny Swords (Update 010)/UI/Icons/Regular_03.png
  artifactKey: Guid(2a71cd452b9717241bd9bdbf9c874c88) Importer(815301076,1909f56bfc062723c751e8b465ee728b)
Start importing Assets/Tiny Swords (Update 010)/UI/Icons/Regular_03.png using Guid(2a71cd452b9717241bd9bdbf9c874c88) Importer(815301076,1909f56bfc062723c751e8b465ee728b)  -> (artifact id: '328be5c63b7893d53c48544d76f1ad97') in 0.046171 seconds 
========================================================================
Received Import Request.
  Time since last request: 0.000628 seconds.
  path: Assets/Tiny Swords (Update 010)/UI/Icons/Regular_09.png
  artifactKey: Guid(2258c35d699f02741942a8d56f008f18) Importer(815301076,1909f56bfc062723c751e8b465ee728b)
Start importing Assets/Tiny Swords (Update 010)/UI/Icons/Regular_09.png using Guid(2258c35d699f02741942a8d56f008f18) Importer(815301076,1909f56bfc062723c751e8b465ee728b)  -> (artifact id: '75008ee8880df58f5218b0595ea32501') in 0.054607 seconds 
========================================================================
Received Import Request.
  Time since last request: 0.000558 seconds.
  path: Assets/Tiny Swords (Update 010)/UI/Icons/Disable_07.png
  artifactKey: Guid(8c88796c5c9e2c54fa05529832991158) Importer(815301076,1909f56bfc062723c751e8b465ee728b)
Start importing Assets/Tiny Swords (Update 010)/UI/Icons/Disable_07.png using Guid(8c88796c5c9e2c54fa05529832991158) Importer(815301076,1909f56bfc062723c751e8b465ee728b)  -> (artifact id: '3615d7b34b3ccbeb0312d386c2596a07') in 0.075092 seconds 
========================================================================
Received Import Request.
  Time since last request: 0.000490 seconds.
  path: Assets/Tiny Swords (Update 010)/UI/Icons/Pressed_03.png
  artifactKey: Guid(97c90c08b59e0bb47b92d3d12764d1d8) Importer(815301076,1909f56bfc062723c751e8b465ee728b)
Start importing Assets/Tiny Swords (Update 010)/UI/Icons/Pressed_03.png using Guid(97c90c08b59e0bb47b92d3d12764d1d8) Importer(815301076,1909f56bfc062723c751e8b465ee728b)  -> (artifact id: '66e4f67594e9c315d7e1edf655f2fea0') in 0.054918 seconds 
========================================================================
Received Import Request.
  Time since last request: 0.000449 seconds.
  path: Assets/Tiny Swords (Update 010)/UI/Icons/Regular_10.png
  artifactKey: Guid(dbf86cc33d94b564cad9d41dc12bd434) Importer(815301076,1909f56bfc062723c751e8b465ee728b)
Start importing Assets/Tiny Swords (Update 010)/UI/Icons/Regular_10.png using Guid(dbf86cc33d94b564cad9d41dc12bd434) Importer(815301076,1909f56bfc062723c751e8b465ee728b)  -> (artifact id: 'e3803b04fcb6f9dc7e4ff93d22e613f6') in 0.060882 seconds 
========================================================================
Received Import Request.
  Time since last request: 0.000483 seconds.
  path: Assets/Tiny Swords (Update 010)/UI/Icons/Pressed_10.png
  artifactKey: Guid(a77b34f99aba4ec4cab650af26fe27ca) Importer(815301076,1909f56bfc062723c751e8b465ee728b)
Start importing Assets/Tiny Swords (Update 010)/UI/Icons/Pressed_10.png using Guid(a77b34f99aba4ec4cab650af26fe27ca) Importer(815301076,1909f56bfc062723c751e8b465ee728b)  -> (artifact id: 'e454b0823837feb351a174e44452f262') in 0.061459 seconds 
========================================================================
Received Import Request.
  Time since last request: 0.000611 seconds.
  path: Assets/Tiny Swords (Update 010)/UI/Icons/Disable_08.png
  artifactKey: Guid(e4ff2125d63945b48b45eae670a37eac) Importer(815301076,1909f56bfc062723c751e8b465ee728b)
Start importing Assets/Tiny Swords (Update 010)/UI/Icons/Disable_08.png using Guid(e4ff2125d63945b48b45eae670a37eac) Importer(815301076,1909f56bfc062723c751e8b465ee728b)  -> (artifact id: '73c4b985ee52cd2a1329e0b8f23f1724') in 0.116046 seconds 
========================================================================
Received Import Request.
  Time since last request: 0.000573 seconds.
  path: Assets/Tiny Swords (Update 010)/UI/Icons/Pressed_08.png
  artifactKey: Guid(275991185da8a1647b93f3f260d17cd8) Importer(815301076,1909f56bfc062723c751e8b465ee728b)
Start importing Assets/Tiny Swords (Update 010)/UI/Icons/Pressed_08.png using Guid(275991185da8a1647b93f3f260d17cd8) Importer(815301076,1909f56bfc062723c751e8b465ee728b)  -> (artifact id: 'ba674983ca13e28cd327e075f78b8a36') in 0.084010 seconds 
========================================================================
Received Import Request.
  Time since last request: 0.000500 seconds.
  path: Assets/Tiny Swords (Update 010)/UI/Icons/Regular_02.png
  artifactKey: Guid(bf305afb5b679b541be6cbcedec4325c) Importer(815301076,1909f56bfc062723c751e8b465ee728b)
Start importing Assets/Tiny Swords (Update 010)/UI/Icons/Regular_02.png using Guid(bf305afb5b679b541be6cbcedec4325c) Importer(815301076,1909f56bfc062723c751e8b465ee728b)  -> (artifact id: '9016182d167d26ed9ce1f3e5c49a452a') in 0.067356 seconds 
========================================================================
Received Import Request.
  Time since last request: 0.000475 seconds.
  path: Assets/Tiny Swords (Update 010)/UI/Icons/Disable_10.png
  artifactKey: Guid(80225d76a7d651547a7d1301825e61b5) Importer(815301076,1909f56bfc062723c751e8b465ee728b)
Start importing Assets/Tiny Swords (Update 010)/UI/Icons/Disable_10.png using Guid(80225d76a7d651547a7d1301825e61b5) Importer(815301076,1909f56bfc062723c751e8b465ee728b)  -> (artifact id: '8303b4e5b569c98f45ac2f3bddeca20d') in 0.078690 seconds 
========================================================================
Received Import Request.
  Time since last request: 0.000236 seconds.
  path: Assets/Tiny Swords (Update 010)/UI/Icons/Disable_09.png
  artifactKey: Guid(cb7f72e2242d57f4eb7d350f1b5240dd) Importer(815301076,1909f56bfc062723c751e8b465ee728b)
Start importing Assets/Tiny Swords (Update 010)/UI/Icons/Disable_09.png using Guid(cb7f72e2242d57f4eb7d350f1b5240dd) Importer(815301076,1909f56bfc062723c751e8b465ee728b)  -> (artifact id: 'fad1fb564b06d6b009c1a2de74e69715') in 0.056703 seconds 
========================================================================
Received Import Request.
  Time since last request: 0.000724 seconds.
  path: Assets/Tiny Swords (Update 010)/UI/Icons/Regular_01.png
  artifactKey: Guid(b87b75c6d1fb9bb44a7ce52540dd95eb) Importer(815301076,1909f56bfc062723c751e8b465ee728b)
Start importing Assets/Tiny Swords (Update 010)/UI/Icons/Regular_01.png using Guid(b87b75c6d1fb9bb44a7ce52540dd95eb) Importer(815301076,1909f56bfc062723c751e8b465ee728b)  -> (artifact id: '2d67ca03a4a13f158f055298e1055237') in 0.047059 seconds 
========================================================================
Received Import Request.
  Time since last request: 0.000705 seconds.
  path: Assets/Tiny Swords (Update 010)/UI/Icons/Disable_05.png
  artifactKey: Guid(7f4ab38b32c0c3b469a337fb643c225f) Importer(815301076,1909f56bfc062723c751e8b465ee728b)
Start importing Assets/Tiny Swords (Update 010)/UI/Icons/Disable_05.png using Guid(7f4ab38b32c0c3b469a337fb643c225f) Importer(815301076,1909f56bfc062723c751e8b465ee728b)  -> (artifact id: '9bc96011887b693ae31eb5d389a1b93e') in 0.069621 seconds 
========================================================================
Received Import Request.
  Time since last request: 0.000994 seconds.
  path: Assets/Tiny Swords (Update 010)/UI/Icons/Regular_04.png
  artifactKey: Guid(edf10f3f3c640b149acb2de1ab204860) Importer(815301076,1909f56bfc062723c751e8b465ee728b)
Start importing Assets/Tiny Swords (Update 010)/UI/Icons/Regular_04.png using Guid(edf10f3f3c640b149acb2de1ab204860) Importer(815301076,1909f56bfc062723c751e8b465ee728b)  -> (artifact id: '2f92e64a68d918711fc6c1c096339049') in 0.078841 seconds 
========================================================================
Received Import Request.
  Time since last request: 0.000540 seconds.
  path: Assets/Tiny Swords (Update 010)/UI/Icons/Regular_06.png
  artifactKey: Guid(f884b236965488440a66b1b75f8bf9f0) Importer(815301076,1909f56bfc062723c751e8b465ee728b)
Start importing Assets/Tiny Swords (Update 010)/UI/Icons/Regular_06.png using Guid(f884b236965488440a66b1b75f8bf9f0) Importer(815301076,1909f56bfc062723c751e8b465ee728b)  -> (artifact id: '9e057b90e0682e377b0aa6cef64c2671') in 0.060841 seconds 
========================================================================
Received Import Request.
  Time since last request: 0.000440 seconds.
  path: Assets/Tiny Swords (Update 010)/UI/Icons/Pressed_07.png
  artifactKey: Guid(aa89ed3d81524d74383abc48663f5b23) Importer(815301076,1909f56bfc062723c751e8b465ee728b)
Start importing Assets/Tiny Swords (Update 010)/UI/Icons/Pressed_07.png using Guid(aa89ed3d81524d74383abc48663f5b23) Importer(815301076,1909f56bfc062723c751e8b465ee728b)  -> (artifact id: '567714ae8dc394d231db8092c270c507') in 0.058912 seconds 
========================================================================
Received Import Request.
  Time since last request: 0.000587 seconds.
  path: Assets/Tiny Swords (Update 010)/UI/Icons/Disable_03.png
  artifactKey: Guid(a2d600c98ad3a3b4e935ceb12fdde0ee) Importer(815301076,1909f56bfc062723c751e8b465ee728b)
Start importing Assets/Tiny Swords (Update 010)/UI/Icons/Disable_03.png using Guid(a2d600c98ad3a3b4e935ceb12fdde0ee) Importer(815301076,1909f56bfc062723c751e8b465ee728b)  -> (artifact id: '260196b21e6f9d7176c9f99934ab018d') in 0.051918 seconds 
========================================================================
Received Import Request.
  Time since last request: 0.000616 seconds.
  path: Assets/Tiny Swords (Update 010)/UI/Icons/Regular_05.png
  artifactKey: Guid(f900e7eba226e1c4db3dd5b473a74761) Importer(815301076,1909f56bfc062723c751e8b465ee728b)
Start importing Assets/Tiny Swords (Update 010)/UI/Icons/Regular_05.png using Guid(f900e7eba226e1c4db3dd5b473a74761) Importer(815301076,1909f56bfc062723c751e8b465ee728b)  -> (artifact id: '7f59c31e95f5ed544381e4ec9984a040') in 0.047845 seconds 
========================================================================
Received Import Request.
  Time since last request: 32.653957 seconds.
  path: Assets/Tiny Swords (Update 010)/Factions/Goblins/Troops/TNT/Blue/TNT_Blue.png
  artifactKey: Guid(5d303a5de688861469286bd4ff6a2f99) Importer(815301076,1909f56bfc062723c751e8b465ee728b)
Start importing Assets/Tiny Swords (Update 010)/Factions/Goblins/Troops/TNT/Blue/TNT_Blue.png using Guid(5d303a5de688861469286bd4ff6a2f99) Importer(815301076,1909f56bfc062723c751e8b465ee728b)  -> (artifact id: '12dd541d506a39802ffd7a6aba5196c4') in 0.039767 seconds 
========================================================================
Received Import Request.
  Time since last request: 1.339648 seconds.
  path: Assets/Tiny Swords (Update 010)/Factions/Goblins/Troops/Barrel/Blue/Barrel_Blue.png
  artifactKey: Guid(253c13bff6a53d04da3a407cb9237781) Importer(815301076,1909f56bfc062723c751e8b465ee728b)
Start importing Assets/Tiny Swords (Update 010)/Factions/Goblins/Troops/Barrel/Blue/Barrel_Blue.png using Guid(253c13bff6a53d04da3a407cb9237781) Importer(815301076,1909f56bfc062723c751e8b465ee728b)  -> (artifact id: 'ae1c65e7775bdcdfb60395c93bce84ec') in 0.042130 seconds 
